SF:graph_rlm/backend/src/core/config.py
DA:6,1
DA:7,1
DA:8,1
DA:10,1
DA:11,1
DA:14,1
DA:20,1
DA:21,1
DA:24,1
DA:31,1
DA:32,1
DA:35,1
DA:36,1
DA:37,1
DA:38,1
DA:40,1
DA:42,1
DA:43,1
DA:46,1
DA:47,1
DA:48,1
DA:49,1
DA:52,1
DA:53,1
DA:54,1
DA:57,1
DA:58,1
DA:61,1
DA:62,1
DA:63,1
DA:64,1
DA:67,1
DA:69,1
DA:72,1
DA:98,1
DA:100,1
DA:102,1
DA:103,1
DA:104,1
DA:106,1
DA:110,1
DA:112,1
DA:113,1
DA:114,1
DA:115,1
DA:116,1
DA:117,1
DA:120,1
DA:121,1
DA:123,1
DA:124,1
DA:125,1
DA:127,1
DA:128,1
DA:130,0
DA:134,1
DA:135,1
DA:138,1
DA:139,1
DA:144,1
DA:146,1
DA:147,1
DA:148,1
DA:151,1
DA:152,1
DA:154,1
DA:157,1
DA:158,1
DA:162,1
DA:163,1
DA:164,1
DA:166,1
DA:167,1
DA:168,1
DA:169,1
DA:171,1
DA:174,1
LF:77
LH:76
FN:69,98,Settings.get_config_for_provider
FNDA:1,Settings.get_config_for_provider
FN:100,104,Settings.get_llm_config
FNDA:1,Settings.get_llm_config
FN:106,169,Settings.save_to_env
FNDA:1,Settings.save_to_env
FNF:3
FNH:3
end_of_record
