SF:graph_rlm/backend/src/__init__.py
end_of_record
SF:graph_rlm/backend/src/cli.py
DA:1,0
DA:2,0
DA:3,0
DA:4,0
DA:5,0
DA:6,0
DA:8,0
DA:12,0
DA:13,0
DA:14,0
DA:15,0
DA:20,0
DA:21,0
DA:22,0
DA:23,0
DA:26,0
DA:27,0
DA:28,0
DA:29,0
DA:30,0
DA:33,0
DA:34,0
DA:35,0
DA:36,0
DA:37,0
DA:39,0
DA:44,0
DA:45,0
DA:46,0
DA:49,0
DA:50,0
DA:51,0
DA:52,0
DA:53,0
DA:54,0
DA:55,0
DA:58,0
DA:59,0
DA:60,0
DA:61,0
DA:62,0
DA:63,0
DA:64,0
DA:65,0
DA:68,0
DA:69,0
DA:71,0
DA:72,0
DA:73,0
DA:74,0
DA:75,0
DA:77,0
DA:78,0
DA:80,0
DA:81,0
DA:82,0
DA:84,0
DA:85,0
DA:86,0
DA:89,0
DA:93,0
DA:96,0
DA:97,0
DA:99,0
DA:100,0
DA:101,0
DA:102,0
DA:105,0
DA:108,0
DA:109,0
DA:111,0
DA:113,0
DA:116,0
DA:117,0
DA:119,0
DA:120,0
DA:121,0
DA:122,0
DA:129,0
DA:131,0
DA:135,0
DA:136,0
DA:139,0
DA:142,0
DA:144,0
DA:151,0
DA:153,0
DA:154,0
DA:156,0
DA:159,0
DA:160,0
DA:164,0
DA:165,0
DA:168,0
DA:172,0
DA:174,0
DA:175,0
DA:179,0
DA:186,0
DA:195,0
DA:199,0
DA:201,0
DA:203,0
DA:209,0
DA:211,0
DA:214,0
DA:223,0
DA:224,0
DA:226,0
DA:228,0
DA:232,0
DA:234,0
DA:235,0
DA:236,0
DA:239,0
DA:240,0
DA:241,0
DA:242,0
DA:243,0
DA:247,0
DA:251,0
DA:253,0
DA:257,0
DA:259,0
DA:260,0
DA:263,0
DA:264,0
DA:268,0
DA:269,0
DA:272,0
DA:276,0
DA:277,0
DA:278,0
DA:280,0
DA:282,0
DA:287,0
DA:290,0
DA:292,0
DA:301,0
DA:308,0
DA:309,0
DA:313,0
DA:315,0
DA:317,0
DA:319,0
DA:320,0
DA:321,0
DA:323,0
DA:326,0
DA:327,0
DA:333,0
DA:335,0
DA:336,0
DA:338,0
DA:339,0
DA:345,0
DA:346,0
DA:347,0
DA:348,0
DA:349,0
DA:350,0
DA:353,0
DA:355,0
DA:356,0
DA:357,0
DA:358,0
DA:359,0
DA:360,0
DA:361,0
DA:362,0
DA:363,0
DA:364,0
DA:365,0
DA:366,0
DA:367,0
DA:368,0
DA:369,0
DA:370,0
DA:371,0
DA:374,0
DA:376,0
DA:379,0
DA:390,0
DA:392,0
DA:393,0
DA:394,0
DA:395,0
DA:396,0
DA:397,0
DA:398,0
DA:400,0
DA:403,0
DA:404,0
DA:405,0
DA:411,0
DA:416,0
DA:421,0
DA:426,0
DA:431,0
DA:433,0
DA:435,0
DA:436,0
DA:438,0
DA:439,0
DA:441,0
DA:442,0
DA:444,0
DA:445,0
DA:447,0
DA:448,0
DA:450,0
DA:451,0
DA:453,0
DA:454,0
DA:457,0
DA:458,0
LF:216
LH:0
FN:58,86,test_live_repe
FNDA:0,test_live_repe
FN:89,165,test_live_sheaf
FNDA:0,test_live_sheaf
FN:168,269,test_live_dreamer
FNDA:0,test_live_dreamer
FN:214,224,test_live_dreamer.cli_emit
FNDA:0,test_live_dreamer.cli_emit
FN:272,330,test_live_agent
FNDA:0,test_live_agent
FN:292,311,test_live_agent.verbose_emit
FNDA:0,test_live_agent.verbose_emit
FN:333,350,inspect_session
FNDA:0,inspect_session
FN:353,371,inspect_node
FNDA:0,inspect_node
FN:374,400,llm_debug_test
FNDA:0,llm_debug_test
FN:403,454,main
FNDA:0,main
FNF:10
FNH:0
BRDA:14,0,jump to line 15,-
BRDA:14,0,jump to line 20,-
BRDA:21,0,jump to line 22,-
BRDA:21,0,jump to line 26,-
BRDA:28,0,jump to line 29,-
BRDA:28,0,jump to line 33,-
BRDA:35,0,jump to line 36,-
BRDA:35,0,jump to line 39,-
BRDA:73,0,jump to line 74,-
BRDA:73,0,jump to line 77,-
BRDA:81,0,jump to line 82,-
BRDA:81,0,jump to line 84,-
BRDA:119,0,jump to line 120,-
BRDA:119,0,jump to line 139,-
BRDA:129,0,jump to line 131,-
BRDA:129,0,jump to line 136,-
BRDA:153,0,jump to line 154,-
BRDA:153,0,jump to line 156,-
BRDA:223,0,jump to line 224,-
BRDA:223,0,return from function 'cli_emit',-
BRDA:234,0,jump to line 235,-
BRDA:234,0,jump to line 251,-
BRDA:242,0,jump to line 243,-
BRDA:242,0,jump to line 247,-
BRDA:251,0,jump to line 253,-
BRDA:251,0,jump to line 257,-
BRDA:301,0,jump to line 308,-
BRDA:301,0,jump to line 309,-
BRDA:358,0,jump to line 359,-
BRDA:358,0,jump to line 361,-
BRDA:364,0,jump to line 365,-
BRDA:364,0,jump to line 367,-
BRDA:365,0,jump to line 364,-
BRDA:365,0,jump to line 366,-
BRDA:435,0,jump to line 436,-
BRDA:435,0,jump to line 438,-
BRDA:438,0,jump to line 439,-
BRDA:438,0,jump to line 441,-
BRDA:441,0,jump to line 442,-
BRDA:441,0,jump to line 444,-
BRDA:444,0,jump to line 445,-
BRDA:444,0,jump to line 447,-
BRDA:447,0,jump to line 448,-
BRDA:447,0,jump to line 450,-
BRDA:450,0,jump to line 451,-
BRDA:450,0,jump to line 453,-
BRDA:453,0,jump to line 454,-
BRDA:453,0,return from function 'main',-
BRDA:457,0,jump to line 458,-
BRDA:457,0,exit the module,-
BRF:50
BRH:0
end_of_record
SF:graph_rlm/backend/src/core/__init__.py
DA:3,1
DA:16,1
LF:2
LH:2
end_of_record
SF:graph_rlm/backend/src/core/activation.py
DA:21,1
DA:22,1
DA:23,1
DA:24,1
DA:26,1
DA:28,1
DA:30,1
DA:33,1
DA:36,1
DA:39,1
DA:42,1
DA:45,1
DA:46,1
DA:56,1
DA:57,1
DA:58,1
DA:59,1
DA:61,1
DA:63,1
DA:66,1
DA:84,1
DA:90,1
DA:91,1
DA:92,1
DA:93,1
DA:95,1
DA:108,1
DA:109,1
DA:116,0
DA:117,0
DA:118,0
DA:119,0
DA:120,0
DA:122,1
DA:130,1
DA:131,0
DA:132,1
DA:134,1
DA:152,0
DA:153,0
DA:154,0
DA:156,0
DA:157,0
DA:158,0
DA:159,0
DA:160,0
DA:162,0
DA:163,0
DA:164,0
DA:166,1
DA:183,0
DA:184,0
DA:185,0
DA:187,0
DA:188,0
DA:190,0
DA:191,0
DA:192,0
DA:193,0
DA:195,0
DA:196,0
DA:198,1
DA:216,0
DA:217,0
DA:218,0
DA:220,0
DA:221,0
DA:222,0
DA:224,0
DA:225,0
DA:227,0
DA:229,0
DA:230,0
DA:232,1
DA:253,0
DA:254,0
DA:255,0
DA:258,0
DA:259,0
DA:268,0
DA:269,0
DA:271,1
DA:288,0
DA:289,0
DA:290,0
DA:291,0
DA:292,0
DA:293,0
DA:295,0
DA:296,0
DA:301,0
DA:303,1
DA:304,1
DA:306,0
LF:94
LH:38
FN:61,63,ActivationRecord.record_access
FNDA:1,ActivationRecord.record_access
FN:84,93,ActivationEngine.__init__
FNDA:1,ActivationEngine.__init__
FN:95,120,ActivationEngine.register
FNDA:1,ActivationEngine.register
FN:122,132,ActivationEngine.access
FNDA:1,ActivationEngine.access
FN:134,164,ActivationEngine.base_level_activation
FNDA:0,ActivationEngine.base_level_activation
FN:166,196,ActivationEngine.associative_activation
FNDA:0,ActivationEngine.associative_activation
FN:198,230,ActivationEngine.compute_activation
FNDA:0,ActivationEngine.compute_activation
FN:232,269,ActivationEngine.retrieve
FNDA:0,ActivationEngine.retrieve
FN:271,301,ActivationEngine.decay_prune
FNDA:0,ActivationEngine.decay_prune
FN:304,306,ActivationEngine.chunk_count
FNDA:0,ActivationEngine.chunk_count
FNF:10
FNH:4
BRDA:108,0,jump to line 109,1
BRDA:108,0,jump to line 116,0
BRDA:117,0,jump to line 118,-
BRDA:117,0,jump to line 119,-
BRDA:119,0,jump to line 120,-
BRDA:119,0,return from function 'register',-
BRDA:130,0,jump to line 131,0
BRDA:130,0,jump to line 132,1
BRDA:153,0,jump to line 154,-
BRDA:153,0,jump to line 156,-
BRDA:158,0,jump to line 159,-
BRDA:158,0,jump to line 162,-
BRDA:162,0,jump to line 163,-
BRDA:162,0,jump to line 164,-
BRDA:184,0,jump to line 185,-
BRDA:184,0,jump to line 187,-
BRDA:192,0,jump to line 193,-
BRDA:192,0,jump to line 195,-
BRDA:217,0,jump to line 218,-
BRDA:217,0,jump to line 220,-
BRDA:221,0,jump to line 222,-
BRDA:221,0,jump to line 224,-
BRDA:225,0,jump to line 227,-
BRDA:225,0,jump to line 229,-
BRDA:254,0,jump to line 255,-
BRDA:254,0,jump to line 268,-
BRDA:258,0,jump to line 254,-
BRDA:258,0,jump to line 259,-
BRDA:289,0,jump to line 290,-
BRDA:289,0,jump to line 295,-
BRDA:291,0,jump to line 289,-
BRDA:291,0,jump to line 292,-
BRDA:295,0,jump to line 296,-
BRDA:295,0,jump to line 301,-
BRF:34
BRH:2
end_of_record
SF:graph_rlm/backend/src/core/agent.py
DA:6,1
DA:7,1
DA:8,1
DA:9,1
DA:10,1
DA:11,1
DA:12,1
DA:13,1
DA:14,1
DA:15,1
DA:16,1
DA:17,1
DA:18,1
DA:19,1
DA:21,1
DA:22,1
DA:24,1
DA:28,1
DA:33,1
DA:34,1
DA:35,1
DA:36,1
DA:37,1
DA:38,1
DA:39,1
DA:40,1
DA:45,1
DA:46,1
DA:47,1
DA:48,1
DA:49,1
DA:50,1
DA:51,1
DA:52,1
DA:53,1
DA:54,1
DA:60,1
DA:61,1
DA:64,1
DA:66,1
DA:67,1
DA:69,1
DA:70,0
DA:71,0
DA:81,1
DA:84,1
DA:94,1
DA:95,1
DA:102,1
DA:103,1
DA:112,1
DA:121,1
DA:122,1
DA:130,1
DA:133,1
DA:134,1
DA:143,1
DA:145,1
DA:148,1
DA:155,1
DA:157,1
DA:162,1
DA:163,1
DA:166,1
DA:170,1
DA:174,1
DA:177,1
DA:180,1
DA:182,1
DA:183,1
DA:184,1
DA:187,1
DA:190,1
DA:193,1
DA:194,1
DA:195,1
DA:196,1
DA:197,1
DA:198,1
DA:199,1
DA:200,1
DA:201,1
DA:202,1
DA:203,1
DA:204,1
DA:205,1
DA:209,1
DA:210,1
DA:211,1
DA:212,1
DA:213,1
DA:215,1
DA:216,1
DA:217,1
DA:218,0
DA:219,0
DA:222,0
DA:224,0
DA:227,1
DA:233,1
DA:234,1
DA:236,1
DA:238,1
DA:239,1
DA:242,1
DA:244,1
DA:245,1
DA:246,1
DA:249,1
DA:250,1
DA:251,1
DA:260,1
DA:261,1
DA:263,1
DA:268,1
DA:270,1
DA:271,1
DA:272,1
DA:276,1
DA:285,1
DA:291,1
DA:292,1
DA:294,0
DA:296,1
DA:297,1
DA:298,1
DA:300,1
DA:312,1
DA:315,1
DA:325,1
DA:326,1
DA:333,1
DA:339,1
DA:341,1
DA:342,1
DA:344,1
DA:345,1
DA:346,1
DA:348,1
DA:349,1
DA:352,1
DA:354,1
DA:355,1
DA:356,1
DA:358,1
DA:359,1
DA:362,1
DA:364,1
DA:365,1
DA:366,1
DA:368,1
DA:369,1
DA:371,1
DA:373,1
DA:374,1
DA:375,1
DA:377,1
DA:378,1
DA:380,1
DA:382,1
DA:383,1
DA:384,1
DA:386,1
DA:387,1
DA:389,1
DA:391,1
DA:392,1
DA:393,1
DA:395,1
DA:397,1
DA:399,1
DA:402,1
DA:406,1
DA:412,1
DA:414,1
DA:415,1
DA:416,1
DA:418,1
DA:427,1
DA:432,1
DA:434,1
DA:435,1
DA:436,1
DA:437,1
DA:439,0
DA:440,0
DA:441,0
DA:442,0
DA:443,0
DA:444,0
DA:445,0
DA:447,1
DA:453,1
DA:454,1
DA:457,1
DA:458,0
DA:460,1
DA:462,1
DA:463,0
DA:468,1
DA:473,1
DA:479,1
DA:481,1
DA:482,1
DA:492,0
DA:495,1
DA:497,1
DA:498,1
DA:499,1
DA:500,1
DA:502,0
DA:503,0
DA:506,0
DA:507,0
DA:508,0
DA:509,0
DA:511,1
DA:513,0
DA:515,1
DA:517,0
DA:519,1
DA:521,1
DA:522,0
DA:524,1
DA:527,1
DA:528,1
DA:529,1
DA:530,1
DA:531,1
DA:532,0
DA:533,0
DA:534,1
DA:536,0
DA:537,0
DA:538,0
DA:541,0
DA:543,1
DA:560,1
DA:561,1
DA:562,1
DA:577,1
DA:578,1
DA:579,0
DA:580,0
DA:581,0
DA:583,1
DA:617,1
DA:618,1
DA:619,1
DA:620,1
DA:622,1
DA:624,1
DA:625,1
DA:626,1
DA:627,1
DA:629,1
DA:659,1
DA:660,1
DA:661,0
DA:662,1
DA:663,0
DA:666,1
DA:667,1
DA:668,1
DA:672,1
DA:673,1
DA:677,1
DA:697,1
DA:698,1
DA:736,0
DA:737,0
DA:740,1
DA:741,1
DA:747,1
DA:748,1
DA:749,1
DA:750,0
DA:751,0
DA:757,0
DA:759,1
DA:764,1
DA:765,0
DA:768,1
DA:771,1
DA:772,1
DA:773,1
DA:774,1
DA:775,1
DA:776,1
DA:778,1
DA:779,0
DA:782,1
DA:783,1
DA:784,1
DA:785,0
DA:787,1
DA:789,1
DA:813,1
DA:814,0
DA:822,0
DA:824,1
DA:828,1
DA:857,1
DA:858,1
DA:859,1
DA:860,1
DA:862,1
DA:863,1
DA:871,1
DA:872,1
DA:875,1
DA:908,1
DA:921,1
DA:923,0
DA:924,0
DA:930,0
DA:932,1
DA:948,1
DA:951,1
DA:952,1
DA:953,1
DA:954,1
DA:955,1
DA:972,1
DA:973,1
DA:975,1
DA:976,1
DA:982,0
DA:984,1
DA:987,1
DA:988,1
DA:990,1
DA:992,1
DA:993,1
DA:994,1
DA:995,1
DA:996,1
DA:997,0
DA:998,1
DA:999,0
DA:1000,1
DA:1001,0
DA:1008,1
DA:1009,1
DA:1010,1
DA:1016,1
DA:1017,0
DA:1018,1
DA:1020,1
DA:1021,1
DA:1022,0
DA:1023,1
DA:1024,0
DA:1025,1
DA:1027,1
DA:1044,1
DA:1045,1
DA:1046,1
DA:1047,1
DA:1048,1
DA:1050,1
DA:1052,1
DA:1053,1
DA:1063,1
DA:1065,1
DA:1066,0
DA:1069,1
DA:1070,1
DA:1083,0
DA:1090,0
DA:1092,0
DA:1093,0
DA:1096,0
DA:1102,0
DA:1106,1
DA:1107,1
DA:1108,1
DA:1110,0
DA:1118,1
DA:1124,0
DA:1126,0
DA:1132,0
DA:1134,1
DA:1135,1
DA:1136,1
DA:1139,1
DA:1140,1
DA:1143,1
DA:1145,1
DA:1147,1
DA:1148,1
DA:1149,1
DA:1150,1
DA:1151,1
DA:1152,1
DA:1153,0
DA:1154,1
DA:1156,1
DA:1172,1
DA:1173,1
DA:1174,1
DA:1182,1
DA:1183,1
DA:1194,1
DA:1195,1
DA:1196,1
DA:1198,1
DA:1199,1
DA:1200,1
DA:1201,1
DA:1202,1
DA:1203,1
DA:1204,1
DA:1205,1
DA:1207,1
DA:1213,1
DA:1214,1
DA:1216,1
DA:1217,1
DA:1219,1
DA:1225,1
DA:1226,1
DA:1228,1
DA:1229,1
DA:1230,1
DA:1231,1
DA:1242,1
DA:1245,1
DA:1248,1
DA:1250,1
DA:1256,1
DA:1259,1
DA:1264,1
DA:1266,1
DA:1278,1
DA:1279,1
DA:1280,1
DA:1281,1
DA:1282,1
DA:1283,1
DA:1285,1
DA:1286,0
DA:1295,1
DA:1298,1
DA:1310,1
DA:1311,1
DA:1317,0
DA:1318,0
DA:1322,1
DA:1323,1
DA:1324,1
DA:1327,1
DA:1330,1
DA:1331,1
DA:1334,1
DA:1335,0
DA:1336,0
DA:1345,1
DA:1346,0
DA:1350,0
DA:1351,0
DA:1353,1
DA:1367,1
DA:1369,1
DA:1370,1
DA:1371,1
DA:1372,1
DA:1373,1
DA:1374,1
DA:1375,0
DA:1376,0
DA:1378,1
DA:1385,1
DA:1386,1
DA:1387,1
DA:1388,1
DA:1389,1
DA:1391,1
DA:1392,1
DA:1393,1
DA:1394,0
DA:1401,0
DA:1402,0
DA:1408,1
DA:1414,1
DA:1415,1
DA:1417,1
DA:1418,1
DA:1421,1
DA:1422,1
DA:1425,0
DA:1426,0
DA:1427,0
DA:1430,1
DA:1434,1
DA:1440,1
DA:1448,1
DA:1451,1
DA:1452,0
DA:1453,0
DA:1455,0
DA:1458,0
DA:1459,0
DA:1461,0
DA:1466,0
DA:1473,1
DA:1474,1
DA:1475,1
DA:1476,1
DA:1477,1
DA:1478,1
DA:1479,1
DA:1485,1
DA:1486,1
DA:1490,1
DA:1491,1
DA:1496,0
DA:1497,0
DA:1500,1
DA:1501,0
DA:1502,0
DA:1508,0
DA:1517,1
DA:1518,0
DA:1520,0
DA:1521,0
DA:1523,0
DA:1527,1
DA:1528,1
DA:1529,1
DA:1534,1
DA:1535,1
DA:1536,1
DA:1545,1
DA:1550,0
DA:1551,0
DA:1552,0
DA:1558,0
DA:1563,1
DA:1564,1
DA:1566,1
DA:1567,1
DA:1568,0
DA:1570,1
DA:1571,1
DA:1580,1
DA:1581,1
DA:1583,1
DA:1584,1
DA:1587,0
DA:1588,0
DA:1589,1
DA:1590,1
DA:1593,0
DA:1594,0
DA:1596,1
DA:1600,1
DA:1601,1
DA:1602,1
DA:1603,1
DA:1604,1
DA:1622,1
DA:1629,1
DA:1630,1
DA:1631,1
DA:1632,1
DA:1633,1
DA:1636,1
DA:1637,1
DA:1638,1
DA:1639,1
DA:1641,1
DA:1647,1
DA:1652,1
DA:1653,1
DA:1655,1
DA:1656,1
DA:1657,1
DA:1659,1
DA:1660,1
DA:1662,1
DA:1663,1
DA:1664,1
DA:1669,1
DA:1671,1
DA:1672,1
DA:1674,1
DA:1675,1
DA:1678,1
DA:1682,1
DA:1692,1
DA:1693,0
DA:1706,0
DA:1713,1
DA:1721,1
DA:1727,1
DA:1730,1
DA:1734,1
DA:1741,1
DA:1742,0
DA:1755,0
DA:1763,1
DA:1771,1
DA:1772,0
DA:1773,0
DA:1776,1
DA:1783,1
DA:1796,1
DA:1797,1
DA:1799,1
DA:1800,1
DA:1801,0
DA:1803,1
DA:1810,1
DA:1824,1
DA:1825,1
DA:1827,0
DA:1835,0
DA:1836,0
DA:1837,0
DA:1838,0
DA:1840,1
DA:1841,1
DA:1842,1
DA:1844,1
DA:1846,1
DA:1853,1
DA:1856,1
DA:1859,1
DA:1863,1
DA:1864,1
DA:1865,1
DA:1866,1
DA:1867,1
DA:1868,1
DA:1869,0
DA:1870,0
DA:1871,0
DA:1872,1
DA:1873,0
DA:1874,0
DA:1875,0
DA:1877,1
DA:1878,1
DA:1879,1
DA:1881,1
DA:1883,1
DA:1896,1
DA:1901,1
DA:1902,1
DA:1904,1
DA:1914,1
DA:1915,1
DA:1917,1
DA:1918,1
DA:1920,1
DA:1922,1
DA:1941,1
DA:1942,1
DA:1948,1
DA:1949,1
DA:1950,0
DA:1951,0
DA:1953,1
DA:1954,1
DA:1956,1
DA:1957,1
DA:1958,1
DA:1961,1
DA:1966,1
DA:1969,1
DA:1970,1
DA:1971,1
DA:1972,1
DA:1975,1
DA:1988,1
DA:1993,1
DA:1996,1
DA:2002,0
DA:2003,0
DA:2004,0
DA:2005,0
DA:2018,0
DA:2020,1
DA:2021,1
DA:2024,1
DA:2029,1
DA:2035,1
DA:2036,1
DA:2037,1
DA:2038,1
DA:2051,1
DA:2056,1
DA:2059,1
DA:2064,1
DA:2075,1
DA:2076,1
DA:2081,1
DA:2084,1
DA:2085,1
DA:2086,1
DA:2102,1
DA:2105,1
DA:2106,1
DA:2107,1
DA:2108,1
DA:2110,1
DA:2113,1
DA:2116,1
DA:2128,0
DA:2129,0
DA:2133,1
DA:2134,1
DA:2142,0
DA:2143,0
DA:2144,1
DA:2145,1
DA:2148,1
DA:2149,1
DA:2150,1
DA:2160,1
DA:2167,1
DA:2168,1
DA:2169,1
DA:2170,1
DA:2172,1
DA:2173,1
DA:2174,1
DA:2175,1
DA:2176,1
DA:2178,1
DA:2179,1
DA:2180,1
DA:2181,1
DA:2183,1
DA:2184,1
DA:2185,1
DA:2187,1
DA:2200,1
DA:2201,1
DA:2206,1
DA:2208,1
DA:2224,1
DA:2235,1
DA:2236,1
DA:2237,1
DA:2239,1
DA:2242,1
DA:2245,1
DA:2246,0
DA:2249,1
DA:2251,1
DA:2252,1
DA:2253,1
DA:2254,1
DA:2255,1
DA:2257,1
DA:2258,1
DA:2261,1
DA:2262,1
DA:2280,1
DA:2283,1
DA:2294,1
DA:2297,1
DA:2300,1
DA:2301,1
DA:2302,1
DA:2303,1
DA:2306,1
DA:2317,1
DA:2320,1
DA:2322,0
DA:2323,0
DA:2324,0
DA:2325,0
DA:2330,0
DA:2332,0
DA:2335,0
DA:2342,0
DA:2343,0
DA:2344,0
DA:2345,0
DA:2352,1
DA:2353,1
DA:2354,1
DA:2355,1
DA:2358,1
DA:2371,1
DA:2374,1
DA:2385,1
DA:2386,1
DA:2387,1
DA:2388,1
DA:2392,1
DA:2397,1
DA:2411,1
DA:2414,1
DA:2415,1
DA:2416,1
DA:2420,1
DA:2421,1
DA:2426,0
DA:2431,1
DA:2433,1
DA:2438,1
DA:2440,1
DA:2441,1
DA:2442,0
DA:2443,0
DA:2444,0
DA:2446,0
DA:2448,1
DA:2449,1
DA:2451,1
DA:2453,1
DA:2454,1
DA:2455,0
DA:2458,1
DA:2473,1
DA:2474,1
DA:2475,1
DA:2476,1
DA:2482,1
DA:2486,1
DA:2487,1
DA:2491,1
DA:2493,1
DA:2495,1
DA:2497,1
DA:2499,1
DA:2513,1
DA:2514,1
DA:2516,1
DA:2519,1
DA:2533,1
DA:2534,1
DA:2538,1
DA:2543,1
DA:2544,0
DA:2545,0
DA:2552,1
DA:2553,1
DA:2555,1
DA:2556,1
DA:2558,1
DA:2564,1
DA:2566,1
DA:2567,1
DA:2568,1
DA:2569,1
DA:2570,1
DA:2574,1
DA:2580,1
DA:2582,1
DA:2584,1
DA:2588,1
DA:2590,0
DA:2597,1
DA:2599,1
DA:2600,1
DA:2602,1
DA:2607,1
DA:2608,1
DA:2609,1
DA:2610,1
DA:2613,1
DA:2614,0
DA:2615,0
DA:2616,0
DA:2619,1
DA:2621,1
DA:2622,1
DA:2623,1
DA:2624,1
DA:2626,1
DA:2627,1
DA:2628,1
DA:2629,1
DA:2631,1
DA:2632,1
DA:2633,1
DA:2636,1
DA:2637,1
DA:2638,1
DA:2646,1
DA:2647,1
DA:2648,1
DA:2649,1
DA:2652,1
DA:2653,1
DA:2656,1
DA:2657,1
DA:2661,1
DA:2665,1
DA:2668,1
DA:2672,1
DA:2673,1
DA:2680,1
DA:2683,1
DA:2685,1
DA:2687,1
DA:2688,1
DA:2689,1
DA:2690,1
DA:2692,1
DA:2698,1
DA:2703,1
DA:2707,1
DA:2708,1
DA:2709,1
DA:2714,1
DA:2715,1
DA:2716,1
DA:2721,1
DA:2722,1
DA:2723,1
DA:2724,1
DA:2725,1
DA:2726,1
DA:2728,1
DA:2729,0
DA:2731,1
DA:2734,1
DA:2735,1
DA:2736,0
DA:2737,1
DA:2739,0
DA:2740,0
DA:2741,0
DA:2742,0
DA:2744,1
DA:2747,1
DA:2748,1
DA:2751,1
DA:2757,1
DA:2760,1
DA:2781,1
DA:2785,1
DA:2791,1
DA:2792,1
DA:2793,1
DA:2794,1
DA:2796,1
DA:2798,0
DA:2800,1
DA:2806,1
DA:2807,1
DA:2811,1
DA:2815,1
DA:2816,1
DA:2817,1
DA:2820,1
DA:2825,1
DA:2826,1
DA:2827,1
DA:2830,1
DA:2836,1
DA:2838,1
DA:2841,1
DA:2842,1
DA:2843,1
DA:2844,1
DA:2848,1
DA:2849,1
DA:2850,1
DA:2851,1
DA:2855,1
DA:2856,1
DA:2857,1
DA:2863,1
DA:2864,1
DA:2867,1
DA:2868,1
DA:2869,1
DA:2874,1
DA:2878,1
DA:2881,1
DA:2882,1
DA:2883,1
DA:2887,1
DA:2893,1
DA:2901,1
DA:2909,1
DA:2911,1
DA:2915,1
DA:2916,0
DA:2919,1
DA:2920,1
DA:2921,1
DA:2922,1
DA:2926,1
DA:2928,1
DA:2929,1
DA:2930,1
DA:2933,1
DA:2943,1
DA:2944,1
DA:2945,1
DA:2946,0
DA:2948,1
DA:2949,1
DA:2950,0
DA:2952,1
DA:2957,1
DA:2958,1
DA:2959,1
DA:2960,1
DA:2963,1
LF:1008
LH:835
FN:64,71,get_skills_manager
FNDA:1,get_skills_manager
FN:84,109,validate_agent_prompt
FNDA:1,validate_agent_prompt
FN:112,139,validate_session_id
FNDA:1,validate_session_id
FN:157,234,Agent.__init__
FNDA:1,Agent.__init__
FN:236,261,Agent._ensure_kb_structure
FNDA:1,Agent._ensure_kb_structure
FN:263,298,Agent._generate_axiom_search_query
FNDA:1,Agent._generate_axiom_search_query
FN:300,336,Agent._handle_llm_circuit_open
FNDA:1,Agent._handle_llm_circuit_open
FN:339,346,Agent.get_state
FNDA:1,Agent.get_state
FN:349,352,Agent.final_result
FNDA:1,Agent.final_result
FN:355,356,Agent.final_result
FNDA:1,Agent.final_result
FN:359,362,Agent.stop_requested
FNDA:1,Agent.stop_requested
FN:365,366,Agent.stop_requested
FNDA:1,Agent.stop_requested
FN:369,371,Agent.synthesis_triggered
FNDA:1,Agent.synthesis_triggered
FN:374,375,Agent.synthesis_triggered
FNDA:1,Agent.synthesis_triggered
FN:378,380,Agent.current_thought_id
FNDA:1,Agent.current_thought_id
FN:383,384,Agent.current_thought_id
FNDA:1,Agent.current_thought_id
FN:387,389,Agent.current_depth
FNDA:1,Agent.current_depth
FN:392,393,Agent.current_depth
FNDA:1,Agent.current_depth
FN:395,397,Agent.record_turn
FNDA:1,Agent.record_turn
FN:399,445,Agent._install_to_active_env
FNDA:1,Agent._install_to_active_env
FN:447,509,Agent._install_to_agent_venv
FNDA:1,Agent._install_to_agent_venv
FN:511,513,Agent.install_package
FNDA:0,Agent.install_package
FN:515,517,Agent.install_skill_package
FNDA:0,Agent.install_skill_package
FN:519,541,Agent.read_skill
FNDA:1,Agent.read_skill
FN:543,581,Agent._refresh_scratchpad
FNDA:1,Agent._refresh_scratchpad
FN:583,757,Agent._sync_thimac
FNDA:1,Agent._sync_thimac
FN:759,826,Agent._flush_memory_chain
FNDA:1,Agent._flush_memory_chain
FN:828,930,Agent.create_system_node
FNDA:1,Agent.create_system_node
FN:932,1025,Agent.emit_event
FNDA:1,Agent.emit_event
FN:1027,1154,Agent.stream_query
FNDA:1,Agent.stream_query
FN:1050,1136,Agent.stream_query.run_logic
FNDA:1,Agent.stream_query.run_logic
FN:1156,1365,Agent._initialize_turn
FNDA:1,Agent._initialize_turn
FN:1367,1406,Agent._generate_task_profile
FNDA:1,Agent._generate_task_profile
FN:1408,1594,Agent._initialize_step
FNDA:1,Agent._initialize_step
FN:1596,1639,Agent._get_dashboard_metrics
FNDA:1,Agent._get_dashboard_metrics
FN:1641,1844,Agent._generate_thought
FNDA:1,Agent._generate_thought
FN:1671,1672,Agent._generate_thought.on_usage_update
FNDA:1,Agent._generate_thought.on_usage_update
FN:1846,1881,Agent._process_response
FNDA:1,Agent._process_response
FN:1883,1920,Agent._execute_action
FNDA:1,Agent._execute_action
FN:1922,2206,Agent._validate_and_finalize
FNDA:1,Agent._validate_and_finalize
FN:2208,2431,Agent.query_sync
FNDA:1,Agent.query_sync
FN:2433,2449,Agent._emit_terminal_report
FNDA:1,Agent._emit_terminal_report
FN:2451,2491,Agent._check_verification
FNDA:1,Agent._check_verification
FN:2493,2497,Agent._extract_code
FNDA:1,Agent._extract_code
FN:2499,2683,Agent._execute_code
FNDA:1,Agent._execute_code
FN:2685,2690,Agent.stop_generation
FNDA:1,Agent.stop_generation
FN:2692,2794,Agent._generate_validated_response
FNDA:1,Agent._generate_validated_response
FN:2796,2798,Agent.stop
FNDA:0,Agent.stop
FN:2800,2891,Agent._verify_epistemic_integrity
FNDA:1,Agent._verify_epistemic_integrity
FN:2893,2960,Agent._detect_required_axioms_agentic
FNDA:1,Agent._detect_required_axioms_agentic
FNF:50
FNH:47
BRDA:94,0,jump to line 95,1
BRDA:94,0,jump to line 102,1
BRDA:102,0,jump to line 103,1
BRDA:102,0,return from function 'validate_agent_prompt',1
BRDA:121,0,jump to line 122,1
BRDA:121,0,jump to line 130,1
BRDA:133,0,jump to line 134,1
BRDA:133,0,return from function 'validate_session_id',1
BRDA:215,0,jump to line 216,1
BRDA:215,0,jump to line 224,0
BRDA:244,0,jump to line 245,1
BRDA:244,0,jump to line 249,1
BRDA:250,0,jump to line 251,1
BRDA:250,0,return from function '_ensure_kb_structure',1
BRDA:291,0,jump to line 292,1
BRDA:291,0,jump to line 294,0
BRDA:325,0,jump to line 326,1
BRDA:325,0,jump to line 333,0
BRDA:342,0,jump to line 344,1
BRDA:342,0,jump to line 346,1
BRDA:416,0,jump to line 418,1
BRDA:416,0,jump to line 427,0
BRDA:434,0,jump to line 435,1
BRDA:434,0,jump to line 439,0
BRDA:457,0,jump to line 458,0
BRDA:457,0,jump to line 460,1
BRDA:462,0,jump to line 463,0
BRDA:462,0,jump to line 468,1
BRDA:481,0,jump to line 482,1
BRDA:481,0,jump to line 492,0
BRDA:497,0,jump to line 498,1
BRDA:497,0,jump to line 502,0
BRDA:521,0,jump to line 522,0
BRDA:521,0,jump to line 524,1
BRDA:528,0,jump to line 529,1
BRDA:528,0,jump to line 536,0
BRDA:531,0,jump to line 532,0
BRDA:531,0,jump to line 534,1
BRDA:617,0,jump to line 618,1
BRDA:617,0,jump to line 622,0
BRDA:619,0,jump to line 620,1
BRDA:619,0,jump to line 622,0
BRDA:625,0,jump to line 626,1
BRDA:625,0,jump to line 629,0
BRDA:660,0,jump to line 661,0
BRDA:660,0,jump to line 662,1
BRDA:662,0,jump to line 663,0
BRDA:662,0,jump to line 666,1
BRDA:667,0,jump to line 668,1
BRDA:667,0,jump to line 677,0
BRDA:740,0,jump to line 741,1
BRDA:740,0,jump to line 747,1
BRDA:764,0,jump to line 765,0
BRDA:764,0,jump to line 768,1
BRDA:773,0,jump to line 774,1
BRDA:773,0,jump to line 782,1
BRDA:778,0,jump to line 773,1
BRDA:778,0,jump to line 779,0
BRDA:783,0,jump to line 784,1
BRDA:783,0,jump to line 824,1
BRDA:784,0,jump to line 785,0
BRDA:784,0,jump to line 787,1
BRDA:857,0,jump to line 858,1
BRDA:857,0,jump to line 862,0
BRDA:859,0,jump to line 860,1
BRDA:859,0,jump to line 862,0
BRDA:951,0,jump to line 952,1
BRDA:951,0,jump to line 953,1
BRDA:953,0,jump to line 954,1
BRDA:953,0,jump to line 955,1
BRDA:955,0,jump to line 972,1
BRDA:955,0,jump to line 973,1
BRDA:973,0,jump to line 975,1
BRDA:973,0,jump to line 976,1
BRDA:976,0,jump to line 982,0
BRDA:976,0,jump to line 984,1
BRDA:990,0,jump to line 992,1
BRDA:990,0,jump to line 994,1
BRDA:994,0,jump to line 995,1
BRDA:994,0,jump to line 996,1
BRDA:996,0,jump to line 997,0
BRDA:996,0,jump to line 998,1
BRDA:998,0,jump to line 999,0
BRDA:998,0,jump to line 1000,1
BRDA:1000,0,jump to line 1001,0
BRDA:1000,0,jump to line 1008,1
BRDA:1009,0,jump to line 1010,1
BRDA:1009,0,return from function 'emit_event',1
BRDA:1016,0,jump to line 1017,0
BRDA:1016,0,jump to line 1018,1
BRDA:1018,0,jump to line 1020,1
BRDA:1018,0,jump to line 1021,0
BRDA:1021,0,jump to line 1022,0
BRDA:1021,0,jump to line 1023,1
BRDA:1023,0,jump to line 1024,0
BRDA:1023,0,jump to line 1025,1
BRDA:1065,0,jump to line 1066,0
BRDA:1065,0,jump to line 1069,1
BRDA:1106,0,jump to line 1107,1
BRDA:1106,0,jump to line 1134,0
BRDA:1107,0,jump to line 1108,1
BRDA:1107,0,jump to line 1124,0
BRDA:1108,0,jump to line 1110,0
BRDA:1108,0,jump to line 1118,1
BRDA:1124,0,jump to line 1126,-
BRDA:1124,0,jump to line 1134,-
BRDA:1148,0,jump to line 1149,1
BRDA:1148,0,jump to line 1150,1
BRDA:1152,0,jump to line 1153,0
BRDA:1152,0,jump to line 1154,1
BRDA:1182,0,jump to line 1183,1
BRDA:1182,0,jump to line 1194,1
BRDA:1195,0,jump to line 1196,1
BRDA:1195,0,jump to line 1198,0
BRDA:1213,0,jump to line 1214,1
BRDA:1213,0,jump to line 1216,0
BRDA:1216,0,jump to line 1217,1
BRDA:1216,0,jump to line 1219,0
BRDA:1225,0,jump to line 1226,1
BRDA:1225,0,jump to line 1228,0
BRDA:1248,0,jump to line 1250,1
BRDA:1248,0,jump to line 1266,1
BRDA:1285,0,jump to line 1286,0
BRDA:1285,0,jump to line 1295,1
BRDA:1334,0,jump to line 1335,0
BRDA:1334,0,jump to line 1345,1
BRDA:1335,0,jump to line 1334,-
BRDA:1335,0,jump to line 1336,-
BRDA:1345,0,jump to line 1346,0
BRDA:1345,0,jump to line 1353,1
BRDA:1372,0,jump to line 1373,1
BRDA:1372,0,jump to line 1378,0
BRDA:1451,0,jump to line 1452,0
BRDA:1451,0,jump to line 1473,1
BRDA:1458,0,jump to line 1459,-
BRDA:1458,0,jump to line 1461,-
BRDA:1476,0,jump to line 1477,1
BRDA:1476,0,jump to line 1500,1
BRDA:1485,0,jump to line 1486,1
BRDA:1485,0,jump to line 1490,0
BRDA:1500,0,jump to line 1501,0
BRDA:1500,0,jump to line 1517,1
BRDA:1517,0,jump to line 1518,0
BRDA:1517,0,jump to line 1527,1
BRDA:1520,0,jump to line 1521,-
BRDA:1520,0,jump to line 1523,-
BRDA:1527,0,jump to line 1528,1
BRDA:1527,0,jump to line 1566,0
BRDA:1534,0,jump to line 1535,1
BRDA:1534,0,jump to line 1550,0
BRDA:1550,0,jump to line 1551,-
BRDA:1550,0,jump to line 1566,-
BRDA:1567,0,jump to line 1568,0
BRDA:1567,0,jump to line 1570,1
BRDA:1580,0,jump to line 1581,1
BRDA:1580,0,return from function '_initialize_step',0
BRDA:1602,0,jump to line 1603,1
BRDA:1602,0,jump to line 1622,0
BRDA:1630,0,jump to line 1631,1
BRDA:1630,0,jump to line 1636,0
BRDA:1647,0,jump to line 1652,1
BRDA:1647,0,jump to line 1655,1
BRDA:1662,0,jump to line 1663,1
BRDA:1662,0,jump to line 1840,0
BRDA:1692,0,jump to line 1693,0
BRDA:1692,0,jump to line 1713,1
BRDA:1741,0,jump to line 1742,0
BRDA:1741,0,jump to line 1763,1
BRDA:1771,0,jump to line 1772,0
BRDA:1771,0,jump to line 1776,1
BRDA:1796,0,jump to line 1797,1
BRDA:1796,0,jump to line 1799,1
BRDA:1800,0,jump to line 1801,0
BRDA:1800,0,jump to line 1803,1
BRDA:1836,0,jump to line 1837,-
BRDA:1836,0,jump to line 1838,-
BRDA:1841,0,jump to line 1842,1
BRDA:1841,0,jump to line 1844,0
BRDA:1864,0,jump to line 1865,1
BRDA:1864,0,jump to line 1868,1
BRDA:1866,0,jump to line 1867,1
BRDA:1866,0,jump to line 1877,0
BRDA:1868,0,jump to line 1869,0
BRDA:1868,0,jump to line 1872,1
BRDA:1870,0,jump to line 1871,-
BRDA:1870,0,jump to line 1877,-
BRDA:1872,0,jump to line 1873,0
BRDA:1872,0,jump to line 1877,1
BRDA:1874,0,jump to line 1875,-
BRDA:1874,0,jump to line 1877,-
BRDA:1878,0,jump to line 1879,1
BRDA:1878,0,jump to line 1881,1
BRDA:1896,0,jump to line 1901,1
BRDA:1896,0,jump to line 1904,1
BRDA:1917,0,jump to line 1918,1
BRDA:1917,0,jump to line 1920,0
BRDA:1949,0,jump to line 1950,0
BRDA:1949,0,jump to line 1953,1
BRDA:1953,0,jump to line 1954,1
BRDA:1953,0,jump to line 1956,1
BRDA:1957,0,jump to line 1958,1
BRDA:1957,0,jump to line 1961,0
BRDA:1969,0,jump to line 1970,1
BRDA:1969,0,jump to line 1996,1
BRDA:1996,0,jump to line 2002,0
BRDA:1996,0,jump to line 2020,1
BRDA:2020,0,jump to line 2021,1
BRDA:2020,0,jump to line 2024,1
BRDA:2035,0,jump to line 2036,1
BRDA:2035,0,jump to line 2059,1
BRDA:2075,0,jump to line 2076,1
BRDA:2075,0,jump to line 2145,1
BRDA:2105,0,jump to line 2106,1
BRDA:2105,0,jump to line 2110,0
BRDA:2145,0,jump to line 2148,1
BRDA:2145,0,jump to line 2172,1
BRDA:2178,0,jump to line 2179,1
BRDA:2178,0,jump to line 2187,0
BRDA:2235,0,jump to line 2236,1
BRDA:2235,0,jump to line 2414,1
BRDA:2245,0,jump to line 2246,0
BRDA:2245,0,jump to line 2249,1
BRDA:2252,0,jump to line 2253,1
BRDA:2252,0,jump to line 2257,1
BRDA:2303,0,jump to line 2306,1
BRDA:2303,0,jump to line 2352,1
BRDA:2320,0,jump to line 2322,0
BRDA:2320,0,jump to line 2352,1
BRDA:2323,0,jump to line 2324,-
BRDA:2323,0,jump to line 2325,-
BRDA:2343,0,jump to line 2344,-
BRDA:2343,0,jump to line 2352,-
BRDA:2352,0,jump to line 2353,1
BRDA:2352,0,jump to line 2358,1
BRDA:2354,0,jump to line 2355,1
BRDA:2354,0,jump to line 2358,0
BRDA:2358,0,jump to line 2371,1
BRDA:2358,0,jump to line 2374,1
BRDA:2387,0,jump to line 2388,1
BRDA:2387,0,jump to line 2411,1
BRDA:2414,0,jump to line 2415,1
BRDA:2414,0,jump to line 2431,1
BRDA:2415,0,jump to line 2416,1
BRDA:2415,0,jump to line 2420,1
BRDA:2420,0,jump to line 2421,1
BRDA:2420,0,jump to line 2426,0
BRDA:2440,0,jump to line 2441,1
BRDA:2440,0,jump to line 2442,0
BRDA:2442,0,jump to line 2443,-
BRDA:2442,0,jump to line 2446,-
BRDA:2454,0,jump to line 2455,0
BRDA:2454,0,jump to line 2458,1
BRDA:2475,0,jump to line 2476,1
BRDA:2475,0,jump to line 2486,1
BRDA:2486,0,jump to line 2487,1
BRDA:2486,0,return from function '_check_verification',1
BRDA:2555,0,jump to line 2556,1
BRDA:2555,0,jump to line 2599,0
BRDA:2564,0,jump to line 2566,1
BRDA:2564,0,jump to line 2597,1
BRDA:2567,0,jump to line 2568,1
BRDA:2567,0,jump to line 2597,0
BRDA:2569,0,jump to line 2570,1
BRDA:2569,0,jump to line 2597,0
BRDA:2582,0,jump to line 2584,1
BRDA:2582,0,jump to line 2590,0
BRDA:2607,0,jump to line 2608,1
BRDA:2607,0,jump to line 2613,1
BRDA:2608,0,jump to line 2609,1
BRDA:2608,0,jump to line 2610,0
BRDA:2613,0,jump to line 2614,0
BRDA:2613,0,jump to line 2619,1
BRDA:2615,0,jump to line 2616,-
BRDA:2615,0,jump to line 2619,-
BRDA:2621,0,jump to line 2622,1
BRDA:2621,0,jump to line 2624,1
BRDA:2624,0,jump to line 2626,1
BRDA:2624,0,jump to line 2656,1
BRDA:2661,0,jump to line 2665,1
BRDA:2661,0,jump to line 2672,1
BRDA:2688,0,jump to line 2689,1
BRDA:2688,0,jump to line 2690,0
BRDA:2715,0,jump to line 2716,1
BRDA:2715,0,jump to line 2747,1
BRDA:2728,0,jump to line 2729,0
BRDA:2728,0,jump to line 2731,1
BRDA:2735,0,jump to line 2736,0
BRDA:2735,0,jump to line 2737,1
BRDA:2737,0,jump to line 2739,0
BRDA:2737,0,jump to line 2744,1
BRDA:2740,0,jump to line 2741,-
BRDA:2740,0,jump to line 2742,-
BRDA:2747,0,jump to line 2748,1
BRDA:2747,0,jump to line 2757,1
BRDA:2815,0,jump to line 2816,1
BRDA:2815,0,jump to line 2820,1
BRDA:2825,0,jump to line 2826,1
BRDA:2825,0,jump to line 2830,1
BRDA:2836,0,jump to line 2838,1
BRDA:2836,0,jump to line 2887,1
BRDA:2842,0,jump to line 2843,1
BRDA:2842,0,jump to line 2848,1
BRDA:2848,0,jump to line 2849,1
BRDA:2848,0,jump to line 2863,1
BRDA:2849,0,jump to line 2850,1
BRDA:2849,0,jump to line 2855,1
BRDA:2855,0,jump to line 2856,1
BRDA:2855,0,jump to line 2887,0
BRDA:2867,0,jump to line 2868,1
BRDA:2867,0,jump to line 2874,1
BRDA:2874,0,jump to line 2878,1
BRDA:2874,0,jump to line 2887,1
BRDA:2881,0,jump to line 2882,1
BRDA:2881,0,jump to line 2887,0
BRDA:2915,0,jump to line 2916,0
BRDA:2915,0,jump to line 2919,1
BRDA:2921,0,jump to line 2922,1
BRDA:2921,0,jump to line 2926,0
BRDA:2926,0,jump to line 2928,1
BRDA:2926,0,jump to line 2933,1
BRDA:2928,0,jump to line 2926,0
BRDA:2928,0,jump to line 2929,1
BRDA:2944,0,jump to line 2945,1
BRDA:2944,0,jump to line 2948,1
BRDA:2945,0,jump to line 2944,1
BRDA:2945,0,jump to line 2946,0
BRDA:2949,0,jump to line 2950,0
BRDA:2949,0,jump to line 2952,1
BRF:328
BRH:210
end_of_record
SF:graph_rlm/backend/src/core/circuit.py
DA:8,1
DA:10,1
DA:11,1
DA:12,1
DA:13,1
DA:14,1
DA:15,1
DA:17,1
DA:19,1
DA:20,1
DA:22,1
DA:25,1
DA:34,1
DA:35,1
DA:36,1
DA:39,1
DA:40,1
DA:49,1
DA:50,1
DA:51,1
DA:54,1
DA:61,1
DA:75,1
DA:76,1
DA:83,1
DA:84,1
DA:86,0
DA:90,1
DA:95,1
DA:101,1
DA:104,1
DA:110,1
DA:112,1
DA:115,1
DA:124,1
DA:127,1
DA:133,1
DA:136,1
DA:152,1
DA:165,1
DA:166,1
DA:167,1
DA:170,1
DA:171,1
DA:172,1
DA:173,1
DA:176,1
DA:177,1
DA:178,1
DA:179,1
DA:180,1
DA:183,1
DA:185,1
DA:186,1
DA:192,0
DA:193,0
DA:194,0
DA:195,0
DA:196,0
DA:198,0
DA:200,1
DA:201,1
DA:203,0
DA:205,1
DA:206,1
DA:208,0
DA:210,1
DA:219,0
DA:220,0
DA:221,0
DA:223,0
DA:226,0
DA:239,0
DA:246,0
DA:247,0
DA:249,0
DA:250,0
DA:251,0
DA:252,0
DA:253,0
DA:254,0
DA:256,1
DA:276,1
DA:277,1
DA:279,1
DA:280,0
DA:281,0
DA:282,0
DA:288,1
DA:289,1
DA:295,1
DA:296,1
DA:297,1
DA:298,1
DA:299,1
DA:304,1
DA:306,0
DA:307,0
DA:308,0
DA:309,0
DA:316,0
DA:318,1
DA:320,1
DA:321,1
DA:322,0
DA:323,0
DA:324,0
DA:325,0
DA:326,0
DA:329,1
DA:332,1
DA:334,1
DA:336,0
DA:337,0
DA:339,0
DA:340,0
DA:341,0
DA:342,0
DA:346,0
DA:348,0
DA:349,0
DA:354,1
DA:360,0
DA:374,1
DA:380,0
DA:382,1
DA:384,0
DA:385,0
DA:386,0
DA:387,0
DA:388,0
DA:399,1
DA:409,1
LF:133
LH:81
FN:61,81,CircuitOpenError.__init__
FNDA:1,CircuitOpenError.__init__
FN:84,86,CircuitOpenError.http_status_code
FNDA:0,CircuitOpenError.http_status_code
FN:95,101,get_correlation_id
FNDA:1,get_correlation_id
FN:104,112,generate_correlation_id
FNDA:1,generate_correlation_id
FN:115,124,set_correlation_id
FNDA:1,set_correlation_id
FN:127,133,reset_correlation_id
FNDA:1,reset_correlation_id
FN:152,183,CircuitBreaker.__init__
FNDA:1,CircuitBreaker.__init__
FN:186,198,CircuitBreaker.state
FNDA:0,CircuitBreaker.state
FN:201,203,CircuitBreaker.failure_count
FNDA:0,CircuitBreaker.failure_count
FN:206,208,CircuitBreaker.success_count
FNDA:0,CircuitBreaker.success_count
FN:210,254,CircuitBreaker._transition_to
FNDA:0,CircuitBreaker._transition_to
FN:256,316,CircuitBreaker.call_async
FNDA:1,CircuitBreaker.call_async
FN:318,332,CircuitBreaker._on_success
FNDA:1,CircuitBreaker._on_success
FN:334,352,CircuitBreaker._on_failure
FNDA:0,CircuitBreaker._on_failure
FN:354,372,CircuitBreaker.get_metrics
FNDA:0,CircuitBreaker.get_metrics
FN:374,380,CircuitBreaker.get_state_transition_history
FNDA:0,CircuitBreaker.get_state_transition_history
FN:382,388,CircuitBreaker.reset_metrics
FNDA:0,CircuitBreaker.reset_metrics
FN:390,395,CircuitBreaker.__repr__
FNDA:0,CircuitBreaker.__repr__
FNF:18
FNH:8
BRDA:192,0,jump to line 193,-
BRDA:192,0,jump to line 198,-
BRDA:193,0,jump to line 194,-
BRDA:193,0,jump to line 198,-
BRDA:195,0,jump to line 196,-
BRDA:195,0,jump to line 198,-
BRDA:220,0,jump to line 221,-
BRDA:220,0,jump to line 223,-
BRDA:246,0,jump to line 247,-
BRDA:246,0,jump to line 249,-
BRDA:249,0,jump to line 250,-
BRDA:249,0,jump to line 251,-
BRDA:251,0,jump to line 252,-
BRDA:251,0,jump to line 253,-
BRDA:253,0,jump to line 254,-
BRDA:253,0,return from function '_transition_to',-
BRDA:279,0,jump to line 280,0
BRDA:279,0,jump to line 288,1
BRDA:321,0,jump to line 322,0
BRDA:321,0,jump to line 329,1
BRDA:323,0,jump to line 324,-
BRDA:323,0,jump to the function exit,-
BRDA:329,0,jump to line 332,1
BRDA:329,0,jump to the function exit,0
BRDA:339,0,jump to line 340,-
BRDA:339,0,jump to line 346,-
BRDA:341,0,jump to line 342,-
BRDA:341,0,jump to the function exit,-
BRDA:346,0,jump to line 348,-
BRDA:346,0,jump to the function exit,-
BRF:30
BRH:3
end_of_record
SF:graph_rlm/backend/src/core/config.py
DA:6,1
DA:7,1
DA:8,1
DA:9,1
DA:11,1
DA:12,1
DA:14,1
DA:17,1
DA:23,1
DA:24,1
DA:27,1
DA:34,1
DA:35,1
DA:38,1
DA:39,1
DA:40,1
DA:41,1
DA:43,1
DA:45,1
DA:46,1
DA:49,1
DA:50,1
DA:51,1
DA:52,1
DA:55,1
DA:56,1
DA:57,1
DA:60,1
DA:61,1
DA:64,1
DA:65,1
DA:66,1
DA:67,1
DA:70,1
DA:72,1
DA:75,1
DA:101,1
DA:103,1
DA:105,1
DA:106,1
DA:107,1
DA:109,1
DA:113,0
DA:115,0
DA:116,0
DA:117,0
DA:118,0
DA:119,0
DA:120,0
DA:123,0
DA:124,0
DA:126,0
DA:127,0
DA:128,0
DA:130,0
DA:131,0
DA:133,0
DA:137,0
DA:138,0
DA:141,0
DA:142,0
DA:147,0
DA:149,0
DA:150,0
DA:151,0
DA:154,0
DA:155,0
DA:157,0
DA:160,0
DA:161,0
DA:165,0
DA:166,0
DA:167,0
DA:169,0
DA:170,0
DA:171,0
DA:172,0
DA:176,1
DA:180,1
DA:184,1
DA:189,1
LF:81
LH:46
FN:72,101,Settings.get_config_for_provider
FNDA:1,Settings.get_config_for_provider
FN:103,107,Settings.get_llm_config
FNDA:1,Settings.get_llm_config
FN:109,172,Settings.save_to_env
FNDA:0,Settings.save_to_env
FNF:3
FNH:2
BRDA:126,0,jump to line 127,-
BRDA:126,0,jump to line 137,-
BRDA:128,0,jump to line 130,-
BRDA:128,0,jump to line 133,-
BRDA:137,0,jump to line 138,-
BRDA:137,0,jump to line 160,-
BRDA:138,0,jump to line 137,-
BRDA:138,0,jump to line 141,-
BRDA:141,0,jump to line 142,-
BRDA:141,0,jump to line 147,-
BRDA:147,0,jump to line 149,-
BRDA:147,0,jump to line 154,-
BRDA:150,0,jump to line 151,-
BRDA:150,0,jump to line 154,-
BRDA:154,0,jump to line 155,-
BRDA:154,0,jump to line 157,-
BRDA:165,0,jump to line 166,-
BRDA:165,0,jump to line 169,-
BRDA:166,0,jump to line 165,-
BRDA:166,0,jump to line 167,-
BRF:20
BRH:0
end_of_record
SF:graph_rlm/backend/src/core/context_index.py
DA:6,0
DA:7,0
DA:9,0
DA:12,0
DA:18,0
DA:19,0
DA:21,0
DA:26,0
DA:28,0
DA:40,0
DA:42,0
DA:43,0
DA:45,0
DA:46,0
DA:49,0
DA:53,0
DA:55,0
DA:56,0
DA:57,0
DA:58,0
DA:60,0
DA:61,0
DA:62,0
DA:64,0
DA:65,0
DA:66,0
DA:68,0
DA:69,0
DA:70,0
DA:73,0
DA:76,0
DA:78,0
DA:80,0
DA:88,0
DA:90,0
DA:94,0
DA:96,0
DA:108,0
DA:110,0
DA:111,0
DA:112,0
DA:113,0
DA:114,0
DA:123,0
DA:131,0
DA:132,0
DA:140,0
DA:141,0
DA:143,0
DA:145,0
DA:146,0
DA:153,0
DA:154,0
DA:155,0
DA:156,0
DA:157,0
DA:158,0
DA:164,0
DA:165,0
DA:173,0
DA:174,0
DA:176,0
DA:185,0
DA:188,0
DA:193,0
DA:194,0
DA:195,0
DA:196,0
DA:197,0
DA:202,0
DA:204,0
DA:206,0
DA:231,0
DA:255,0
DA:256,0
DA:257,0
DA:258,0
DA:259,0
DA:260,0
DA:261,0
DA:264,0
DA:286,0
DA:287,0
DA:295,0
DA:296,0
DA:299,0
LF:86
LH:0
FN:18,19,ContextIndex.__init__
FNDA:0,ContextIndex.__init__
FN:21,88,ContextIndex.get_context_scratchpad
FNDA:0,ContextIndex.get_context_scratchpad
FN:90,141,ContextIndex.get_active_scratchpad_data
FNDA:0,ContextIndex.get_active_scratchpad_data
FN:143,174,ContextIndex.get_current_running_thought
FNDA:0,ContextIndex.get_current_running_thought
FN:176,296,ContextIndex.get_session_thoughts
FNDA:0,ContextIndex.get_session_thoughts
FNF:5
FNH:0
BRDA:42,0,jump to line 43,-
BRDA:42,0,jump to line 45,-
BRDA:53,0,jump to line 55,-
BRDA:53,0,jump to line 68,-
BRDA:55,0,jump to line 56,-
BRDA:55,0,jump to line 60,-
BRDA:111,0,jump to line 112,-
BRDA:111,0,jump to line 131,-
BRDA:112,0,jump to line 113,-
BRDA:112,0,jump to line 131,-
BRDA:113,0,jump to line 114,-
BRDA:113,0,jump to line 123,-
BRDA:154,0,jump to line 155,-
BRDA:154,0,jump to line 164,-
BRDA:156,0,jump to line 157,-
BRDA:156,0,jump to line 158,-
BRDA:195,0,jump to line 196,-
BRDA:195,0,jump to line 204,-
BRDA:204,0,jump to line 206,-
BRDA:204,0,jump to line 231,-
BRDA:257,0,jump to line 258,-
BRDA:257,0,jump to line 286,-
BRDA:258,0,jump to line 259,-
BRDA:258,0,jump to line 260,-
BRDA:260,0,jump to line 261,-
BRDA:260,0,jump to line 264,-
BRF:26
BRH:0
end_of_record
SF:graph_rlm/backend/src/core/core.py
DA:5,1
DA:6,1
DA:7,1
DA:8,1
DA:10,1
DA:11,1
DA:13,1
DA:16,1
DA:19,1
DA:20,0
DA:24,0
DA:25,0
DA:28,0
DA:29,0
DA:30,0
DA:33,0
DA:34,0
DA:35,0
DA:36,0
DA:38,1
DA:40,0
DA:41,0
DA:47,1
DA:52,1
DA:53,0
DA:54,0
DA:55,0
DA:57,1
DA:59,0
DA:61,0
DA:62,0
DA:64,1
DA:66,0
DA:67,0
DA:68,0
DA:69,0
DA:70,0
DA:71,0
DA:72,0
DA:73,0
DA:74,0
DA:75,0
DA:76,0
DA:78,1
DA:88,0
DA:89,0
DA:91,0
DA:92,0
DA:94,0
DA:95,0
DA:98,0
DA:100,0
DA:103,0
DA:105,0
DA:111,0
DA:112,0
DA:114,0
DA:116,0
DA:117,0
DA:119,0
DA:120,0
DA:121,0
DA:122,0
DA:123,0
DA:127,0
DA:129,0
DA:130,0
DA:131,0
DA:132,0
LF:69
LH:15
FN:19,36,KnowledgeBaseStructure.__init__
FNDA:0,KnowledgeBaseStructure.__init__
FN:38,41,KnowledgeBaseStructure.ensure_exists
FNDA:0,KnowledgeBaseStructure.ensure_exists
FN:52,55,PythonREPL.__init__
FNDA:0,PythonREPL.__init__
FN:57,62,PythonREPL._get_runtime
FNDA:0,PythonREPL._get_runtime
FN:64,76,PythonREPL._serialize_namespace
FNDA:0,PythonREPL._serialize_namespace
FN:78,132,PythonREPL.execute
FNDA:0,PythonREPL.execute
FNF:6
FNH:0
BRDA:40,0,jump to line 41,-
BRDA:40,0,return from function 'ensure_exists',-
BRDA:67,0,jump to line 68,-
BRDA:67,0,jump to line 76,-
BRDA:68,0,jump to line 69,-
BRDA:68,0,jump to line 70,-
BRDA:70,0,jump to line 67,-
BRDA:70,0,jump to line 71,-
BRDA:88,0,jump to line 89,-
BRDA:88,0,jump to line 91,-
BRDA:91,0,jump to line 92,-
BRDA:91,0,jump to line 94,-
BRDA:94,0,jump to line 95,-
BRDA:94,0,jump to line 98,-
BRDA:112,0,jump to line 114,-
BRDA:112,0,jump to line 116,-
BRDA:116,0,jump to line 117,-
BRDA:116,0,jump to line 119,-
BRDA:119,0,jump to line 120,-
BRDA:119,0,jump to line 127,-
BRDA:120,0,jump to line 121,-
BRDA:120,0,jump to line 122,-
BRDA:122,0,jump to line 123,-
BRDA:122,0,jump to line 127,-
BRF:24
BRH:0
end_of_record
SF:graph_rlm/backend/src/core/db.py
DA:7,1
DA:8,1
DA:9,1
DA:11,1
DA:12,1
DA:13,1
DA:15,1
DA:16,1
DA:17,1
DA:19,1
DA:22,1
DA:28,1
DA:29,1
DA:34,1
DA:38,1
DA:40,1
DA:42,1
DA:49,1
DA:50,1
DA:51,1
DA:54,1
DA:55,1
DA:58,1
DA:59,1
DA:60,1
DA:61,1
DA:62,0
DA:63,0
DA:66,0
DA:67,0
DA:69,1
DA:163,1
DA:166,1
DA:167,0
DA:169,0
DA:170,0
DA:171,0
DA:172,0
DA:177,0
DA:178,0
DA:179,0
DA:181,0
DA:183,0
DA:196,0
DA:201,0
DA:202,0
DA:203,0
DA:204,0
DA:211,0
DA:213,1
DA:222,1
DA:228,1
DA:229,1
DA:230,1
DA:232,1
DA:233,0
DA:234,0
DA:236,1
DA:237,1
DA:238,1
DA:240,1
DA:241,1
DA:242,1
DA:244,1
DA:245,0
DA:246,0
DA:248,1
DA:249,0
DA:250,0
DA:252,1
DA:253,0
DA:254,0
DA:256,1
DA:257,0
DA:258,0
DA:260,1
DA:261,0
DA:262,0
DA:264,1
DA:265,0
DA:266,0
DA:268,1
DA:269,0
DA:270,0
DA:272,1
DA:273,0
DA:274,0
DA:276,1
DA:277,0
DA:278,0
DA:280,1
DA:281,0
DA:282,0
DA:284,1
DA:285,0
DA:286,0
DA:288,1
DA:289,0
DA:290,0
DA:292,1
DA:293,0
DA:294,0
DA:296,1
DA:297,0
DA:298,0
DA:300,1
DA:301,0
DA:302,0
DA:304,1
DA:305,0
DA:306,0
DA:308,1
DA:309,0
DA:310,0
DA:312,1
DA:313,1
DA:314,1
DA:316,1
DA:317,1
DA:318,1
DA:320,1
DA:321,1
DA:322,1
DA:324,1
DA:325,0
DA:326,0
DA:328,1
DA:329,0
DA:330,0
DA:332,1
DA:333,0
DA:334,0
DA:336,1
DA:337,1
DA:338,1
DA:340,1
DA:341,0
DA:342,0
DA:344,1
DA:345,0
DA:346,0
DA:348,1
DA:349,0
DA:350,0
DA:352,1
DA:353,0
DA:354,0
DA:356,1
DA:358,0
DA:359,0
DA:360,0
DA:361,0
DA:363,1
DA:364,0
DA:365,0
DA:367,1
DA:368,1
DA:369,1
DA:371,1
DA:372,0
DA:373,0
DA:375,1
DA:376,0
DA:377,0
DA:379,1
DA:380,0
DA:381,0
DA:383,1
DA:384,1
DA:385,1
DA:387,1
DA:388,1
DA:389,1
DA:391,1
DA:392,1
DA:393,1
DA:395,1
DA:396,1
DA:397,1
DA:399,1
DA:400,1
DA:401,1
DA:403,1
DA:404,1
DA:405,1
DA:407,1
DA:408,1
DA:409,1
DA:411,1
DA:412,1
DA:413,1
DA:415,1
DA:416,1
DA:417,1
DA:419,1
DA:422,1
DA:423,0
DA:424,0
DA:429,0
DA:432,1
DA:433,0
DA:434,0
DA:435,0
DA:436,0
DA:443,1
DA:444,0
DA:446,0
DA:447,0
DA:452,0
DA:454,1
DA:469,0
DA:477,0
DA:482,0
DA:484,0
DA:485,0
DA:486,0
DA:491,0
DA:492,0
DA:494,1
DA:500,0
DA:501,0
DA:508,0
DA:510,1
DA:515,0
DA:520,0
DA:521,0
DA:522,0
DA:523,0
DA:525,1
DA:531,0
DA:532,0
DA:533,0
DA:535,1
DA:554,0
DA:563,0
DA:564,0
DA:565,0
DA:566,0
DA:567,0
DA:568,0
DA:569,0
DA:570,0
DA:572,1
DA:588,0
DA:591,0
DA:596,0
DA:601,0
DA:602,0
DA:603,0
DA:605,0
DA:606,0
DA:608,0
DA:609,0
DA:615,0
DA:616,0
DA:617,0
DA:622,0
DA:624,1
DA:653,0
DA:657,0
DA:659,0
DA:660,0
DA:661,0
DA:662,0
DA:665,0
DA:666,0
DA:668,0
DA:669,0
DA:670,0
DA:672,0
DA:673,0
DA:674,0
DA:676,0
DA:677,0
DA:678,0
DA:680,0
DA:681,0
DA:682,0
DA:684,0
DA:685,0
DA:686,0
DA:688,0
DA:689,0
DA:690,0
DA:692,0
DA:693,0
DA:694,0
DA:696,0
DA:697,0
DA:698,0
DA:700,0
DA:701,0
DA:702,0
DA:704,0
DA:705,0
DA:706,0
DA:708,0
DA:709,0
DA:711,0
DA:713,0
DA:714,0
DA:715,0
DA:717,0
DA:718,0
DA:719,0
DA:721,0
DA:722,0
DA:723,0
DA:725,0
DA:726,0
DA:727,0
DA:729,0
DA:730,0
DA:731,0
DA:733,0
DA:734,0
DA:735,0
DA:737,0
DA:738,0
DA:739,0
DA:741,0
DA:742,0
DA:743,0
DA:745,0
DA:748,0
DA:749,0
DA:750,0
DA:751,0
DA:752,0
DA:758,1
DA:765,0
DA:766,0
DA:770,0
DA:772,0
DA:774,0
DA:779,0
DA:780,0
DA:781,0
DA:782,0
DA:783,0
DA:792,0
DA:793,0
DA:794,0
DA:795,0
DA:797,1
DA:801,1
DA:804,1
DA:805,1
DA:809,1
DA:810,0
DA:813,1
DA:814,1
DA:815,0
DA:818,1
DA:819,1
DA:823,1
DA:824,0
DA:825,1
DA:826,1
DA:827,0
DA:830,1
DA:831,1
DA:835,1
DA:836,0
DA:837,1
DA:838,1
DA:839,0
DA:841,1
DA:845,0
DA:847,0
DA:848,0
DA:849,0
DA:850,0
DA:852,1
DA:857,0
DA:858,0
DA:859,0
DA:863,0
DA:865,0
DA:866,0
DA:867,0
DA:868,0
DA:869,0
DA:870,0
DA:871,0
DA:873,0
DA:874,0
DA:875,0
DA:876,0
DA:877,0
DA:879,1
DA:884,0
DA:890,0
DA:892,1
DA:906,0
DA:909,0
DA:910,0
DA:922,0
DA:924,0
DA:933,0
DA:934,0
DA:935,0
DA:942,0
DA:943,0
DA:945,1
DA:951,0
DA:952,0
DA:959,0
DA:961,1
DA:966,0
DA:968,0
DA:970,0
DA:971,0
DA:973,0
DA:974,0
DA:976,0
DA:977,0
DA:979,0
DA:980,0
DA:981,0
DA:983,0
DA:984,0
DA:987,0
DA:988,0
DA:989,0
DA:991,0
DA:992,0
DA:994,0
DA:996,0
DA:997,0
DA:999,0
DA:1005,0
DA:1006,0
DA:1013,0
DA:1015,0
DA:1016,0
DA:1020,1
DA:1037,0
DA:1048,0
DA:1060,0
DA:1063,0
DA:1068,0
DA:1070,0
DA:1076,1
DA:1085,0
DA:1090,0
DA:1094,0
DA:1095,0
DA:1097,1
DA:1102,1
DA:1103,1
DA:1116,1
DA:1118,1
DA:1125,0
DA:1156,0
DA:1157,0
DA:1158,0
DA:1160,0
DA:1162,0
DA:1163,0
DA:1164,0
DA:1165,0
DA:1167,1
DA:1172,0
DA:1175,0
DA:1178,0
DA:1181,0
DA:1183,0
DA:1185,1
DA:1191,0
DA:1198,0
DA:1199,0
DA:1201,0
DA:1202,0
DA:1203,0
DA:1206,0
DA:1208,1
DA:1212,0
DA:1213,0
DA:1216,0
DA:1218,1
DA:1224,0
DA:1232,0
DA:1234,1
DA:1239,0
DA:1244,0
DA:1245,0
DA:1247,1
DA:1258,0
DA:1259,0
DA:1276,0
DA:1277,0
DA:1278,0
DA:1279,0
DA:1280,0
DA:1281,0
DA:1282,0
DA:1283,0
DA:1284,0
DA:1285,0
DA:1287,0
DA:1289,0
DA:1290,0
DA:1292,0
DA:1293,0
DA:1294,0
DA:1300,0
DA:1301,0
DA:1302,0
DA:1303,0
DA:1304,0
DA:1306,1
DA:1313,0
DA:1314,0
DA:1316,0
DA:1323,0
DA:1324,0
DA:1325,0
DA:1326,0
DA:1330,1
DA:1350,0
DA:1359,0
DA:1362,0
DA:1365,0
DA:1370,0
DA:1371,0
DA:1375,0
DA:1377,0
DA:1378,0
DA:1379,0
DA:1380,0
DA:1381,0
DA:1382,0
DA:1384,0
DA:1385,0
DA:1396,0
DA:1401,0
DA:1406,0
DA:1410,0
DA:1427,1
DA:1438,0
DA:1441,0
DA:1443,0
DA:1454,1
LF:544
LH:164
FN:28,40,GraphClient.__init__
FNDA:1,GraphClient.__init__
FN:42,67,GraphClient.query
FNDA:1,GraphClient.query
FN:69,452,GraphClient.create_thought_node
FNDA:1,GraphClient.create_thought_node
FN:454,492,GraphClient.create_insight_node
FNDA:0,GraphClient.create_insight_node
FN:494,508,GraphClient.get_recent_insights
FNDA:0,GraphClient.get_recent_insights
FN:510,523,GraphClient.get_parent_id
FNDA:0,GraphClient.get_parent_id
FN:525,533,GraphClient.delete_thought_node
FNDA:0,GraphClient.delete_thought_node
FN:535,570,GraphClient.get_causal_ancestors
FNDA:0,GraphClient.get_causal_ancestors
FN:572,622,GraphClient.get_execution_layers
FNDA:0,GraphClient.get_execution_layers
FN:624,756,GraphClient.update_thought_result
FNDA:0,GraphClient.update_thought_result
FN:758,795,GraphClient.find_similar_thoughts
FNDA:0,GraphClient.find_similar_thoughts
FN:797,839,GraphClient.create_vector_indexes
FNDA:1,GraphClient.create_vector_indexes
FN:841,850,GraphClient.drop_vector_index
FNDA:0,GraphClient.drop_vector_index
FN:852,877,GraphClient.wait_for_index
FNDA:0,GraphClient.wait_for_index
FN:879,890,GraphClient.get_graph_state
FNDA:0,GraphClient.get_graph_state
FN:892,943,GraphClient.get_context_frontier
FNDA:0,GraphClient.get_context_frontier
FN:945,959,GraphClient.find_thought_by_repl_id
FNDA:0,GraphClient.find_thought_by_repl_id
FN:961,1016,GraphClient.reembed_all_thoughts
FNDA:0,GraphClient.reembed_all_thoughts
FN:1020,1074,GraphClient.save_round
FNDA:0,GraphClient.save_round
FN:1076,1095,GraphClient.update_round_summaries
FNDA:0,GraphClient.update_round_summaries
FN:1097,1116,GraphClient.get_completed_rounds
FNDA:1,GraphClient.get_completed_rounds
FN:1118,1165,GraphClient.get_session_trace
FNDA:0,GraphClient.get_session_trace
FN:1167,1183,GraphClient.delete_session
FNDA:0,GraphClient.delete_session
FN:1185,1206,GraphClient.prune_orphans
FNDA:0,GraphClient.prune_orphans
FN:1208,1216,GraphClient.reset_graph
FNDA:0,GraphClient.reset_graph
FN:1218,1232,GraphClient.mark_nodes_as_consolidated
FNDA:0,GraphClient.mark_nodes_as_consolidated
FN:1234,1245,GraphClient.disable_axiom
FNDA:0,GraphClient.disable_axiom
FN:1247,1304,GraphClient.force_consolidate_noisy_branches
FNDA:0,GraphClient.force_consolidate_noisy_branches
FN:1306,1328,GraphClient.perform_synaptic_homeostasis
FNDA:0,GraphClient.perform_synaptic_homeostasis
FN:1330,1425,GraphClient.get_kernel_results
FNDA:0,GraphClient.get_kernel_results
FN:1427,1451,GraphClient.get_session_report_data
FNDA:0,GraphClient.get_session_report_data
FNF:31
FNH:5
BRDA:54,0,jump to line 55,1
BRDA:54,0,jump to line 58,1
BRDA:59,0,jump to line 60,1
BRDA:59,0,jump to line 61,1
BRDA:166,0,jump to line 167,0
BRDA:166,0,jump to line 213,1
BRDA:171,0,jump to line 172,-
BRDA:171,0,jump to line 181,-
BRDA:177,0,jump to line 178,-
BRDA:177,0,jump to line 181,-
BRDA:228,0,jump to line 229,1
BRDA:228,0,jump to line 232,0
BRDA:232,0,jump to line 233,0
BRDA:232,0,jump to line 236,1
BRDA:236,0,jump to line 237,1
BRDA:236,0,jump to line 240,0
BRDA:240,0,jump to line 241,1
BRDA:240,0,jump to line 244,0
BRDA:244,0,jump to line 245,0
BRDA:244,0,jump to line 248,1
BRDA:248,0,jump to line 249,0
BRDA:248,0,jump to line 252,1
BRDA:252,0,jump to line 253,0
BRDA:252,0,jump to line 256,1
BRDA:256,0,jump to line 257,0
BRDA:256,0,jump to line 260,1
BRDA:260,0,jump to line 261,0
BRDA:260,0,jump to line 264,1
BRDA:264,0,jump to line 265,0
BRDA:264,0,jump to line 268,1
BRDA:268,0,jump to line 269,0
BRDA:268,0,jump to line 272,1
BRDA:272,0,jump to line 273,0
BRDA:272,0,jump to line 276,1
BRDA:276,0,jump to line 277,0
BRDA:276,0,jump to line 280,1
BRDA:280,0,jump to line 281,0
BRDA:280,0,jump to line 284,1
BRDA:284,0,jump to line 285,0
BRDA:284,0,jump to line 288,1
BRDA:288,0,jump to line 289,0
BRDA:288,0,jump to line 292,1
BRDA:292,0,jump to line 293,0
BRDA:292,0,jump to line 296,1
BRDA:296,0,jump to line 297,0
BRDA:296,0,jump to line 300,1
BRDA:300,0,jump to line 301,0
BRDA:300,0,jump to line 304,1
BRDA:304,0,jump to line 305,0
BRDA:304,0,jump to line 308,1
BRDA:308,0,jump to line 309,0
BRDA:308,0,jump to line 312,1
BRDA:312,0,jump to line 313,1
BRDA:312,0,jump to line 316,0
BRDA:316,0,jump to line 317,1
BRDA:316,0,jump to line 320,0
BRDA:320,0,jump to line 321,1
BRDA:320,0,jump to line 324,0
BRDA:324,0,jump to line 325,0
BRDA:324,0,jump to line 328,1
BRDA:328,0,jump to line 329,0
BRDA:328,0,jump to line 332,1
BRDA:332,0,jump to line 333,0
BRDA:332,0,jump to line 336,1
BRDA:336,0,jump to line 337,1
BRDA:336,0,jump to line 340,0
BRDA:340,0,jump to line 341,0
BRDA:340,0,jump to line 344,1
BRDA:344,0,jump to line 345,0
BRDA:344,0,jump to line 348,1
BRDA:348,0,jump to line 349,0
BRDA:348,0,jump to line 352,1
BRDA:352,0,jump to line 353,0
BRDA:352,0,jump to line 356,1
BRDA:356,0,jump to line 358,0
BRDA:356,0,jump to line 363,1
BRDA:358,0,jump to line 359,-
BRDA:358,0,jump to line 363,-
BRDA:363,0,jump to line 364,0
BRDA:363,0,jump to line 367,1
BRDA:367,0,jump to line 368,1
BRDA:367,0,jump to line 371,0
BRDA:371,0,jump to line 372,0
BRDA:371,0,jump to line 375,1
BRDA:375,0,jump to line 376,0
BRDA:375,0,jump to line 379,1
BRDA:379,0,jump to line 380,0
BRDA:379,0,jump to line 383,1
BRDA:383,0,jump to line 384,1
BRDA:383,0,jump to line 387,0
BRDA:387,0,jump to line 388,1
BRDA:387,0,jump to line 391,0
BRDA:391,0,jump to line 392,1
BRDA:391,0,jump to line 395,0
BRDA:395,0,jump to line 396,1
BRDA:395,0,jump to line 399,0
BRDA:399,0,jump to line 400,1
BRDA:399,0,jump to line 403,0
BRDA:403,0,jump to line 404,1
BRDA:403,0,jump to line 407,0
BRDA:407,0,jump to line 408,1
BRDA:407,0,jump to line 411,0
BRDA:411,0,jump to line 412,1
BRDA:411,0,jump to line 415,0
BRDA:415,0,jump to line 416,1
BRDA:415,0,jump to line 419,0
BRDA:422,0,jump to line 423,0
BRDA:422,0,jump to line 432,1
BRDA:432,0,jump to line 433,0
BRDA:432,0,jump to line 443,1
BRDA:434,0,jump to line 435,-
BRDA:434,0,jump to line 443,-
BRDA:435,0,jump to line 434,-
BRDA:435,0,jump to line 436,-
BRDA:443,0,jump to line 444,0
BRDA:443,0,return from function 'create_thought_node',1
BRDA:444,0,jump to line 446,-
BRDA:444,0,return from function 'create_thought_node',-
BRDA:484,0,jump to line 485,-
BRDA:484,0,jump to line 492,-
BRDA:521,0,jump to line 522,-
BRDA:521,0,jump to line 523,-
BRDA:565,0,jump to line 566,-
BRDA:565,0,jump to line 567,-
BRDA:605,0,jump to line 606,-
BRDA:605,0,jump to line 608,-
BRDA:659,0,jump to line 660,-
BRDA:659,0,jump to line 662,-
BRDA:662,0,jump to line 665,-
BRDA:662,0,jump to line 668,-
BRDA:668,0,jump to line 669,-
BRDA:668,0,jump to line 672,-
BRDA:672,0,jump to line 673,-
BRDA:672,0,jump to line 676,-
BRDA:676,0,jump to line 677,-
BRDA:676,0,jump to line 680,-
BRDA:680,0,jump to line 681,-
BRDA:680,0,jump to line 684,-
BRDA:684,0,jump to line 685,-
BRDA:684,0,jump to line 688,-
BRDA:688,0,jump to line 689,-
BRDA:688,0,jump to line 692,-
BRDA:692,0,jump to line 693,-
BRDA:692,0,jump to line 696,-
BRDA:696,0,jump to line 697,-
BRDA:696,0,jump to line 700,-
BRDA:700,0,jump to line 701,-
BRDA:700,0,jump to line 704,-
BRDA:704,0,jump to line 705,-
BRDA:704,0,jump to line 708,-
BRDA:708,0,jump to line 709,-
BRDA:708,0,jump to line 713,-
BRDA:713,0,jump to line 714,-
BRDA:713,0,jump to line 717,-
BRDA:717,0,jump to line 718,-
BRDA:717,0,jump to line 721,-
BRDA:721,0,jump to line 722,-
BRDA:721,0,jump to line 725,-
BRDA:725,0,jump to line 726,-
BRDA:725,0,jump to line 729,-
BRDA:729,0,jump to line 730,-
BRDA:729,0,jump to line 733,-
BRDA:733,0,jump to line 734,-
BRDA:733,0,jump to line 737,-
BRDA:737,0,jump to line 738,-
BRDA:737,0,jump to line 741,-
BRDA:741,0,jump to line 742,-
BRDA:741,0,jump to line 745,-
BRDA:748,0,jump to line 749,-
BRDA:748,0,return from function 'update_thought_result',-
BRDA:750,0,jump to line 751,-
BRDA:750,0,return from function 'update_thought_result',-
BRDA:751,0,jump to line 750,-
BRDA:751,0,jump to line 752,-
BRDA:765,0,jump to line 766,-
BRDA:765,0,jump to line 772,-
BRDA:782,0,jump to line 783,-
BRDA:782,0,jump to line 792,-
BRDA:814,0,jump to line 815,0
BRDA:814,0,jump to line 818,1
BRDA:826,0,jump to line 827,0
BRDA:826,0,jump to line 830,1
BRDA:838,0,jump to line 839,0
BRDA:838,0,return from function 'create_vector_indexes',1
BRDA:857,0,jump to line 858,-
BRDA:857,0,return from function 'wait_for_index',-
BRDA:863,0,jump to line 865,-
BRDA:863,0,jump to line 877,-
BRDA:866,0,jump to line 867,-
BRDA:866,0,jump to line 869,-
BRDA:869,0,jump to line 870,-
BRDA:869,0,jump to line 873,-
BRDA:873,0,jump to line 863,-
BRDA:873,0,jump to line 874,-
BRDA:909,0,jump to line 910,-
BRDA:909,0,jump to line 922,-
BRDA:974,0,jump to line 976,-
BRDA:974,0,jump to line 1015,-
BRDA:976,0,jump to line 977,-
BRDA:976,0,jump to line 979,-
BRDA:983,0,jump to line 984,-
BRDA:983,0,jump to line 987,-
BRDA:988,0,jump to line 989,-
BRDA:988,0,jump to line 991,-
BRDA:991,0,jump to line 992,-
BRDA:991,0,jump to line 994,-
BRDA:997,0,jump to line 974,-
BRDA:997,0,jump to line 999,-
BRDA:1156,0,jump to line 1157,-
BRDA:1156,0,jump to line 1160,-
BRDA:1163,0,jump to line 1164,-
BRDA:1163,0,jump to line 1165,-
BRDA:1278,0,jump to line 1279,-
BRDA:1278,0,jump to line 1301,-
BRDA:1279,0,jump to line 1280,-
BRDA:1279,0,jump to line 1292,-
BRDA:1280,0,jump to line 1281,-
BRDA:1280,0,jump to line 1282,-
BRDA:1282,0,jump to line 1283,-
BRDA:1282,0,jump to line 1284,-
BRDA:1284,0,jump to line 1285,-
BRDA:1284,0,jump to line 1287,-
BRDA:1289,0,jump to line 1279,-
BRDA:1289,0,jump to line 1290,-
BRDA:1293,0,jump to line 1294,-
BRDA:1293,0,jump to line 1300,-
BRDA:1325,0,jump to line 1326,-
BRDA:1325,0,return from function 'perform_synaptic_homeostasis',-
BRDA:1384,0,jump to line 1385,-
BRDA:1384,0,jump to line 1396,-
BRF:230
BRH:58
end_of_record
SF:graph_rlm/backend/src/core/debug_patch.py
DA:2,0
DA:3,0
DA:4,0
DA:6,0
DA:7,0
DA:9,0
DA:10,0
DA:11,0
DA:12,0
DA:13,0
DA:14,0
DA:16,0
DA:17,0
DA:18,0
DA:19,0
DA:21,0
DA:22,0
LF:17
LH:0
FN:6,19,main
FNDA:0,main
FNF:1
FNH:0
BRDA:21,0,jump to line 22,-
BRDA:21,0,exit the module,-
BRF:2
BRH:0
end_of_record
SF:graph_rlm/backend/src/core/dream.py
DA:6,1
DA:7,1
DA:8,1
DA:9,1
DA:10,1
DA:11,1
DA:12,1
DA:13,1
DA:14,1
DA:16,1
DA:17,1
DA:18,1
DA:19,1
DA:21,1
DA:22,1
DA:23,1
DA:24,1
DA:25,1
DA:26,1
DA:27,1
DA:28,1
DA:29,1
DA:30,1
DA:31,1
DA:32,1
DA:33,1
DA:34,1
DA:35,1
DA:37,1
DA:40,1
DA:43,1
DA:44,1
DA:45,1
DA:48,1
DA:51,1
DA:53,1
DA:54,1
DA:55,1
DA:58,1
DA:64,1
DA:71,1
DA:72,1
DA:73,1
DA:74,1
DA:75,1
DA:77,1
DA:90,0
DA:98,0
DA:99,0
DA:101,0
DA:103,0
DA:105,0
DA:106,0
DA:108,0
DA:109,0
DA:110,0
DA:112,0
DA:125,0
DA:143,0
DA:144,0
DA:145,0
DA:146,0
DA:148,0
DA:149,0
DA:150,0
DA:152,0
DA:153,0
DA:155,0
DA:179,0
DA:181,0
DA:182,0
DA:185,0
DA:188,0
DA:190,0
DA:191,0
DA:192,0
DA:202,0
DA:203,0
DA:204,0
DA:205,0
DA:207,0
DA:208,0
DA:210,0
DA:211,0
DA:212,0
DA:213,0
DA:216,0
DA:217,0
DA:219,0
DA:220,0
DA:223,0
DA:224,0
DA:226,0
DA:227,0
DA:228,0
DA:230,0
DA:231,0
DA:232,0
DA:252,0
DA:253,0
DA:254,0
DA:256,0
DA:258,1
DA:268,0
DA:274,0
DA:275,0
DA:276,0
DA:277,0
DA:278,0
DA:279,0
DA:280,0
DA:281,0
DA:282,0
DA:284,0
DA:285,0
DA:288,0
DA:289,0
DA:290,0
DA:291,0
DA:292,0
DA:293,0
DA:294,0
DA:296,0
DA:306,1
DA:320,0
DA:321,0
DA:322,0
DA:324,0
DA:325,0
DA:326,0
DA:331,0
DA:340,0
DA:341,0
DA:342,0
DA:351,0
DA:359,0
DA:362,0
DA:364,0
DA:366,1
DA:392,0
DA:393,0
DA:394,0
DA:396,0
DA:397,0
DA:398,0
DA:401,0
DA:405,0
DA:414,0
DA:415,0
DA:416,0
DA:417,0
DA:427,0
DA:429,0
DA:430,0
DA:431,0
DA:432,0
DA:433,0
DA:434,0
DA:435,0
DA:438,0
DA:440,0
DA:443,0
DA:444,0
DA:445,0
DA:453,0
DA:454,0
DA:460,0
DA:464,0
DA:466,0
DA:471,0
DA:472,0
DA:473,0
DA:474,0
DA:476,0
DA:477,0
DA:478,0
DA:479,0
DA:480,0
DA:481,0
DA:482,0
DA:494,0
DA:495,0
DA:496,0
DA:497,0
DA:498,0
DA:499,0
DA:500,0
DA:501,0
DA:502,0
DA:503,0
DA:504,0
DA:505,0
DA:506,0
DA:507,0
DA:508,0
DA:511,0
DA:517,0
DA:518,0
DA:522,0
DA:523,0
DA:528,0
DA:529,0
DA:530,0
DA:536,0
DA:537,0
DA:538,0
DA:546,0
DA:547,0
DA:548,0
DA:549,0
DA:557,0
DA:558,0
DA:559,0
DA:560,0
DA:561,0
DA:562,0
DA:563,0
DA:564,0
DA:565,0
DA:566,0
DA:571,0
DA:575,0
DA:576,0
DA:580,0
DA:581,0
DA:584,0
DA:585,0
DA:586,0
DA:589,0
DA:590,0
DA:591,0
DA:592,0
DA:593,0
DA:594,0
DA:595,0
DA:596,0
DA:597,0
DA:598,0
DA:601,0
DA:602,0
DA:603,0
DA:610,0
DA:617,0
DA:618,0
DA:619,0
DA:620,0
DA:621,0
DA:626,0
DA:627,0
DA:628,0
DA:633,0
DA:636,0
DA:637,0
DA:638,0
DA:639,0
DA:648,0
DA:659,0
DA:664,0
DA:665,0
DA:670,0
DA:671,0
DA:677,0
DA:678,0
DA:681,0
DA:689,0
DA:690,0
DA:693,0
DA:697,0
DA:701,0
DA:703,0
DA:709,0
DA:710,0
DA:711,0
DA:716,0
DA:717,0
DA:718,0
DA:719,0
DA:726,0
DA:727,0
DA:728,0
DA:729,0
DA:730,0
DA:731,0
DA:734,0
DA:739,0
DA:747,0
DA:754,0
DA:756,0
DA:758,0
DA:769,0
DA:770,0
DA:775,0
DA:776,0
DA:779,0
DA:784,0
DA:785,0
DA:786,0
DA:787,0
DA:788,0
DA:792,0
DA:793,0
DA:796,0
DA:797,0
DA:800,0
DA:801,0
DA:802,0
DA:808,0
DA:814,0
DA:818,0
DA:822,0
DA:823,0
DA:827,0
DA:828,0
DA:829,0
DA:834,0
DA:836,0
DA:837,0
DA:838,0
DA:840,0
DA:842,0
DA:850,1
DA:869,0
DA:871,0
DA:872,0
DA:874,0
DA:878,0
DA:880,0
DA:881,0
DA:882,0
DA:884,0
DA:889,0
DA:906,0
DA:911,0
DA:915,0
DA:918,0
DA:924,0
DA:927,0
DA:928,0
DA:931,0
DA:932,0
DA:935,0
DA:936,0
DA:940,0
DA:942,0
DA:943,0
DA:946,0
DA:954,0
DA:958,0
DA:959,0
DA:965,0
DA:976,0
DA:977,0
DA:978,0
DA:979,0
DA:980,0
DA:984,0
DA:988,0
DA:990,0
DA:991,0
DA:993,0
DA:1001,0
DA:1002,0
DA:1003,0
DA:1004,0
DA:1005,0
DA:1006,0
DA:1008,0
DA:1009,0
DA:1012,0
DA:1015,0
DA:1016,0
DA:1019,0
DA:1020,0
DA:1024,0
DA:1025,0
DA:1028,0
DA:1029,0
DA:1031,0
DA:1032,0
DA:1033,0
DA:1034,0
DA:1036,0
DA:1041,0
DA:1044,0
DA:1045,0
DA:1046,0
DA:1048,0
DA:1049,0
DA:1050,0
DA:1055,0
DA:1056,0
DA:1057,0
DA:1059,0
DA:1060,0
DA:1061,0
DA:1062,0
DA:1063,0
DA:1064,0
DA:1067,0
DA:1068,0
DA:1069,0
DA:1071,0
DA:1072,0
DA:1079,0
DA:1086,0
DA:1087,0
DA:1088,0
DA:1089,0
DA:1090,0
DA:1091,0
DA:1095,0
DA:1096,0
DA:1097,0
DA:1098,0
DA:1099,0
DA:1100,0
DA:1101,0
DA:1103,0
DA:1105,0
DA:1107,0
DA:1108,0
DA:1116,0
DA:1118,0
DA:1144,0
DA:1153,0
DA:1186,0
DA:1191,0
DA:1198,0
DA:1199,0
DA:1204,0
DA:1205,0
DA:1212,0
DA:1215,0
DA:1216,0
DA:1217,0
DA:1229,0
DA:1230,0
DA:1231,0
DA:1232,0
DA:1234,0
DA:1235,0
DA:1238,0
DA:1244,0
DA:1251,1
DA:1257,0
DA:1262,0
DA:1270,0
DA:1275,0
DA:1276,0
DA:1283,0
DA:1284,0
DA:1285,0
DA:1288,0
DA:1296,0
DA:1298,0
DA:1300,0
DA:1301,0
DA:1302,0
DA:1307,0
DA:1311,0
DA:1315,0
DA:1316,0
DA:1319,0
DA:1335,0
DA:1337,0
DA:1338,0
DA:1339,0
DA:1340,0
DA:1343,0
DA:1345,0
DA:1346,0
DA:1351,0
DA:1353,0
DA:1354,0
DA:1356,1
DA:1365,0
DA:1366,0
DA:1367,0
DA:1369,0
DA:1370,0
DA:1372,0
DA:1375,0
DA:1376,0
DA:1380,0
DA:1382,1
DA:1386,0
DA:1387,0
DA:1388,0
DA:1389,0
DA:1390,0
DA:1391,0
DA:1392,0
DA:1395,0
DA:1396,0
DA:1400,0
DA:1401,0
DA:1405,0
DA:1415,0
DA:1422,0
DA:1423,0
DA:1427,0
DA:1428,0
DA:1429,0
DA:1430,0
DA:1431,0
DA:1432,0
DA:1438,0
DA:1439,0
DA:1441,1
DA:1445,0
DA:1446,0
DA:1447,0
DA:1449,0
DA:1462,0
DA:1488,0
DA:1489,0
DA:1491,0
DA:1492,0
DA:1493,0
DA:1495,0
DA:1500,0
DA:1502,0
DA:1504,0
DA:1506,0
DA:1508,0
DA:1509,0
DA:1511,0
DA:1513,1
DA:1514,0
DA:1520,0
DA:1526,0
DA:1527,0
DA:1529,0
DA:1530,0
DA:1531,0
DA:1534,0
DA:1535,0
DA:1536,0
DA:1537,0
DA:1538,0
DA:1539,0
DA:1541,0
DA:1544,0
DA:1545,0
DA:1547,0
DA:1548,0
DA:1549,0
DA:1551,0
DA:1553,0
DA:1555,0
DA:1557,0
DA:1571,0
DA:1575,0
DA:1576,0
DA:1577,0
DA:1580,0
DA:1581,0
DA:1584,0
DA:1587,0
DA:1588,0
DA:1589,0
DA:1590,0
DA:1591,0
DA:1594,0
DA:1595,0
DA:1597,0
DA:1598,0
DA:1601,0
DA:1602,0
DA:1605,0
DA:1607,0
DA:1608,0
DA:1609,0
DA:1611,0
DA:1612,0
DA:1613,0
DA:1616,0
DA:1617,0
DA:1620,0
DA:1621,0
DA:1626,0
DA:1627,0
DA:1630,0
DA:1631,0
DA:1632,0
DA:1635,0
DA:1636,0
DA:1638,0
DA:1639,0
DA:1642,0
DA:1643,0
DA:1646,0
DA:1647,0
DA:1651,0
DA:1652,0
DA:1656,0
DA:1663,0
DA:1665,1
DA:1676,0
DA:1677,0
DA:1678,0
DA:1679,0
DA:1680,0
DA:1691,0
DA:1693,1
DA:1702,0
DA:1703,0
DA:1704,0
DA:1706,0
DA:1717,0
DA:1720,0
DA:1721,0
DA:1723,1
DA:1731,0
DA:1732,0
DA:1735,0
DA:1737,0
DA:1738,0
DA:1740,0
DA:1741,0
DA:1742,0
DA:1745,0
DA:1746,0
DA:1751,0
DA:1752,0
DA:1759,0
DA:1760,0
DA:1762,0
DA:1764,1
DA:1769,0
DA:1772,0
DA:1773,0
DA:1775,0
DA:1777,0
DA:1783,0
DA:1785,0
DA:1786,0
DA:1787,0
DA:1789,0
DA:1791,0
DA:1792,0
DA:1793,0
DA:1796,0
DA:1797,0
DA:1798,0
DA:1799,0
DA:1804,0
DA:1805,0
DA:1812,0
DA:1813,0
DA:1815,1
DA:1829,0
DA:1830,0
DA:1831,0
DA:1832,0
DA:1834,0
DA:1835,0
DA:1836,0
DA:1837,0
DA:1840,0
DA:1841,0
DA:1842,0
DA:1843,0
DA:1844,0
DA:1846,0
DA:1847,0
DA:1848,0
DA:1849,0
DA:1850,0
DA:1851,0
DA:1852,0
DA:1853,0
DA:1854,0
DA:1855,0
DA:1858,0
DA:1859,0
DA:1866,0
DA:1867,0
DA:1868,0
DA:1869,0
DA:1870,0
DA:1871,0
DA:1873,1
DA:1878,0
DA:1879,0
DA:1880,0
DA:1882,0
DA:1883,0
DA:1884,0
DA:1885,0
DA:1887,0
DA:1888,0
DA:1889,0
DA:1890,0
DA:1891,0
DA:1893,0
DA:1895,0
DA:1896,0
DA:1897,0
DA:1898,0
DA:1900,0
DA:1901,0
DA:1902,0
DA:1905,0
DA:1906,0
DA:1908,0
DA:1909,0
DA:1910,0
DA:1911,0
DA:1912,0
DA:1914,0
DA:1921,0
DA:1923,0
DA:1924,0
DA:1926,0
DA:1932,0
DA:1933,0
DA:1937,0
DA:1942,0
DA:1943,0
DA:1945,1
DA:1946,0
DA:1952,0
DA:1958,0
DA:1959,0
DA:1960,0
DA:1962,1
DA:1970,0
DA:1971,0
DA:1972,0
DA:1973,0
DA:1974,0
DA:1977,0
DA:1978,0
DA:1988,0
DA:1989,0
DA:1995,0
DA:2002,0
DA:2003,0
DA:2004,0
DA:2005,0
DA:2009,0
DA:2011,1
DA:2013,0
DA:2016,0
DA:2017,0
DA:2023,0
DA:2025,1
DA:2026,0
DA:2027,0
DA:2028,0
DA:2031,0
DA:2032,0
DA:2034,0
DA:2035,0
DA:2039,0
DA:2040,0
DA:2041,0
DA:2042,0
DA:2044,0
DA:2045,0
DA:2046,0
DA:2047,0
DA:2048,0
DA:2049,0
DA:2050,0
DA:2051,0
DA:2052,0
DA:2057,0
DA:2058,0
DA:2060,1
DA:2068,0
DA:2070,1
DA:2083,0
DA:2088,0
DA:2097,0
DA:2102,1
DA:2108,0
DA:2111,0
DA:2115,0
DA:2116,0
DA:2117,0
DA:2119,0
DA:2120,0
DA:2121,0
DA:2122,0
DA:2123,0
DA:2124,0
DA:2125,0
DA:2126,0
DA:2129,0
DA:2130,0
DA:2132,0
DA:2133,0
DA:2135,0
DA:2136,0
DA:2137,0
DA:2140,0
DA:2143,0
DA:2144,0
DA:2146,0
DA:2147,0
DA:2148,0
DA:2151,0
DA:2152,0
DA:2154,0
DA:2155,0
DA:2158,1
LF:808
LH:69
FN:71,75,Dreamer.__init__
FNDA:1,Dreamer.__init__
FN:77,256,Dreamer._get_session_trace
FNDA:0,Dreamer._get_session_trace
FN:258,304,Dreamer.analyze_holonomy
FNDA:0,Dreamer.analyze_holonomy
FN:306,364,Dreamer.dream_cycle
FNDA:0,Dreamer.dream_cycle
FN:320,322,Dreamer.dream_cycle.emit
FNDA:0,Dreamer.dream_cycle.emit
FN:366,848,Dreamer._dream_cycle_impl
FNDA:0,Dreamer._dream_cycle_impl
FN:392,394,Dreamer._dream_cycle_impl.emit
FNDA:0,Dreamer._dream_cycle_impl.emit
FN:850,1249,Dreamer.validate_response
FNDA:0,Dreamer.validate_response
FN:1103,1105,Dreamer.validate_response._fmt_axis
FNDA:0,Dreamer.validate_response._fmt_axis
FN:1251,1354,Dreamer.rem_sleep_cycle
FNDA:0,Dreamer.rem_sleep_cycle
FN:1356,1380,Dreamer.ingest_document
FNDA:0,Dreamer.ingest_document
FN:1382,1439,Dreamer._mine_knowledge
FNDA:0,Dreamer._mine_knowledge
FN:1441,1511,Dreamer._codify_axiom
FNDA:0,Dreamer._codify_axiom
FN:1513,1663,Dreamer._verify_axiom_async
FNDA:0,Dreamer._verify_axiom_async
FN:1544,1545,Dreamer._verify_axiom_async.UniversalAsyncMock.__getattr__
FNDA:0,Dreamer._verify_axiom_async.UniversalAsyncMock.__getattr__
FN:1547,1551,Dreamer._verify_axiom_async.UniversalAsyncMock.__call__
FNDA:0,Dreamer._verify_axiom_async.UniversalAsyncMock.__call__
FN:1548,1549,Dreamer._verify_axiom_async.UniversalAsyncMock.__call__._dummy
FNDA:0,Dreamer._verify_axiom_async.UniversalAsyncMock.__call__._dummy
FN:1665,1691,Dreamer._save_axiom
FNDA:0,Dreamer._save_axiom
FN:1693,1721,Dreamer._log_axiom_lifecycle_event
FNDA:0,Dreamer._log_axiom_lifecycle_event
FN:1723,1762,Dreamer._auto_codify_from_insight
FNDA:0,Dreamer._auto_codify_from_insight
FN:1764,1813,Dreamer._perform_axiom_quality_control
FNDA:0,Dreamer._perform_axiom_quality_control
FN:1815,1871,Dreamer._is_novel_insight
FNDA:0,Dreamer._is_novel_insight
FN:1873,1943,Dreamer._prune_redundant_axioms
FNDA:0,Dreamer._prune_redundant_axioms
FN:1945,1960,Dreamer._classify_domain
FNDA:0,Dreamer._classify_domain
FN:1962,2009,Dreamer.ingest_document_text_async
FNDA:0,Dreamer.ingest_document_text_async
FN:2011,2023,Dreamer._get_node_scan_async
FNDA:0,Dreamer._get_node_scan_async
FN:2025,2058,Dreamer._get_node_scan
FNDA:0,Dreamer._get_node_scan
FN:2060,2068,Dreamer._save_insight_async
FNDA:0,Dreamer._save_insight_async
FN:2070,2100,Dreamer._save_insight
FNDA:0,Dreamer._save_insight
FN:2102,2155,Dreamer.validate_axioms_against_sheaf
FNDA:0,Dreamer.validate_axioms_against_sheaf
FNF:30
FNH:1
BRDA:98,0,jump to line 99,-
BRDA:98,0,jump to line 101,-
BRDA:108,0,jump to line 109,-
BRDA:108,0,jump to line 112,-
BRDA:144,0,jump to line 145,-
BRDA:144,0,jump to line 179,-
BRDA:146,0,jump to line 148,-
BRDA:146,0,jump to line 179,-
BRDA:152,0,jump to line 146,-
BRDA:152,0,jump to line 153,-
BRDA:153,0,jump to line 146,-
BRDA:153,0,jump to line 155,-
BRDA:181,0,jump to line 182,-
BRDA:181,0,jump to line 185,-
BRDA:191,0,jump to line 192,-
BRDA:191,0,jump to line 216,-
BRDA:207,0,jump to line 208,-
BRDA:207,0,jump to line 210,-
BRDA:216,0,jump to line 217,-
BRDA:216,0,jump to line 230,-
BRDA:219,0,jump to line 220,-
BRDA:219,0,jump to line 223,-
BRDA:226,0,jump to line 227,-
BRDA:226,0,jump to line 228,-
BRDA:230,0,jump to line 231,-
BRDA:230,0,jump to line 252,-
BRDA:275,0,jump to line 276,-
BRDA:275,0,jump to line 288,-
BRDA:277,0,jump to line 278,-
BRDA:277,0,jump to line 279,-
BRDA:279,0,jump to line 280,-
BRDA:279,0,jump to line 281,-
BRDA:281,0,jump to line 282,-
BRDA:281,0,jump to line 284,-
BRDA:290,0,jump to line 291,-
BRDA:290,0,jump to line 296,-
BRDA:293,0,jump to line 290,-
BRDA:293,0,jump to line 294,-
BRDA:321,0,jump to line 322,-
BRDA:321,0,return from function 'emit',-
BRDA:324,0,jump to line 325,-
BRDA:324,0,jump to line 340,-
BRDA:393,0,jump to line 394,-
BRDA:393,0,return from function 'emit',-
BRDA:416,0,jump to line 417,-
BRDA:416,0,jump to line 440,-
BRDA:427,0,jump to line 429,-
BRDA:427,0,jump to line 440,-
BRDA:430,0,jump to line 431,-
BRDA:430,0,jump to line 438,-
BRDA:440,0,jump to line 443,-
BRDA:440,0,jump to line 464,-
BRDA:443,0,jump to line 444,-
BRDA:443,0,jump to line 460,-
BRDA:472,0,jump to line 473,-
BRDA:472,0,jump to line 494,-
BRDA:478,0,jump to line 479,-
BRDA:478,0,jump to line 480,-
BRDA:480,0,jump to line 481,-
BRDA:480,0,jump to line 482,-
BRDA:496,0,jump to line 497,-
BRDA:496,0,jump to line 522,-
BRDA:498,0,jump to line 496,-
BRDA:498,0,jump to line 499,-
BRDA:501,0,jump to line 496,-
BRDA:501,0,jump to line 502,-
BRDA:504,0,jump to line 505,-
BRDA:504,0,jump to line 511,-
BRDA:522,0,jump to line 523,-
BRDA:522,0,jump to line 528,-
BRDA:529,0,jump to line 530,-
BRDA:529,0,jump to line 536,-
BRDA:537,0,jump to line 538,-
BRDA:537,0,jump to line 546,-
BRDA:547,0,jump to line 548,-
BRDA:547,0,jump to line 580,-
BRDA:557,0,jump to line 558,-
BRDA:557,0,jump to line 580,-
BRDA:559,0,jump to line 560,-
BRDA:559,0,jump to line 565,-
BRDA:560,0,jump to line 559,-
BRDA:560,0,jump to line 561,-
BRDA:565,0,jump to line 566,-
BRDA:565,0,jump to line 580,-
BRDA:584,0,jump to line 585,-
BRDA:584,0,jump to line 589,-
BRDA:589,0,jump to line 590,-
BRDA:589,0,jump to line 601,-
BRDA:590,0,jump to line 591,-
BRDA:590,0,jump to line 601,-
BRDA:591,0,jump to line 592,-
BRDA:591,0,jump to line 595,-
BRDA:595,0,jump to line 590,-
BRDA:595,0,jump to line 596,-
BRDA:602,0,jump to line 603,-
BRDA:602,0,jump to line 610,-
BRDA:617,0,jump to line 618,-
BRDA:617,0,jump to line 636,-
BRDA:620,0,jump to line 621,-
BRDA:620,0,jump to line 636,-
BRDA:626,0,jump to line 627,-
BRDA:626,0,jump to line 636,-
BRDA:636,0,jump to line 637,-
BRDA:636,0,jump to line 648,-
BRDA:670,0,jump to line 671,-
BRDA:670,0,jump to line 677,-
BRDA:677,0,jump to line 678,-
BRDA:677,0,jump to line 716,-
BRDA:717,0,jump to line 718,-
BRDA:717,0,jump to line 754,-
BRDA:727,0,jump to line 728,-
BRDA:727,0,jump to line 754,-
BRDA:730,0,jump to line 731,-
BRDA:730,0,jump to line 754,-
BRDA:785,0,jump to line 786,-
BRDA:785,0,jump to line 792,-
BRDA:787,0,jump to line 788,-
BRDA:787,0,jump to line 792,-
BRDA:792,0,jump to line 793,-
BRDA:792,0,jump to line 818,-
BRDA:800,0,jump to line 801,-
BRDA:800,0,jump to line 818,-
BRDA:871,0,jump to line 872,-
BRDA:871,0,jump to line 874,-
BRDA:915,0,jump to line 918,-
BRDA:915,0,jump to line 940,-
BRDA:1002,0,jump to line 1003,-
BRDA:1002,0,jump to line 1004,-
BRDA:1004,0,jump to line 1005,-
BRDA:1004,0,jump to line 1008,-
BRDA:1032,0,jump to line 1033,-
BRDA:1032,0,jump to line 1034,-
BRDA:1034,0,jump to line 1036,-
BRDA:1034,0,jump to line 1041,-
BRDA:1044,0,jump to line 1045,-
BRDA:1044,0,jump to line 1055,-
BRDA:1056,0,jump to line 1057,-
BRDA:1056,0,jump to line 1059,-
BRDA:1059,0,jump to line 1060,-
BRDA:1059,0,jump to line 1062,-
BRDA:1062,0,jump to line 1063,-
BRDA:1062,0,jump to line 1067,-
BRDA:1067,0,jump to line 1068,-
BRDA:1067,0,jump to line 1071,-
BRDA:1086,0,jump to line 1087,-
BRDA:1086,0,jump to line 1103,-
BRDA:1089,0,jump to line 1090,-
BRDA:1089,0,jump to line 1091,-
BRDA:1098,0,jump to line 1099,-
BRDA:1098,0,jump to line 1100,-
BRDA:1107,0,jump to line 1108,-
BRDA:1107,0,jump to line 1116,-
BRDA:1216,0,jump to line 1217,-
BRDA:1216,0,jump to line 1229,-
BRDA:1231,0,jump to line 1232,-
BRDA:1231,0,jump to line 1234,-
BRDA:1234,0,jump to line 1235,-
BRDA:1234,0,jump to line 1244,-
BRDA:1275,0,jump to line 1276,-
BRDA:1275,0,jump to line 1283,-
BRDA:1284,0,jump to line 1285,-
BRDA:1284,0,jump to line 1288,-
BRDA:1345,0,jump to line 1346,-
BRDA:1345,0,jump to line 1353,-
BRDA:1366,0,jump to line 1367,-
BRDA:1366,0,jump to line 1369,-
BRDA:1390,0,jump to line 1391,-
BRDA:1390,0,jump to line 1405,-
BRDA:1392,0,jump to line 1395,-
BRDA:1392,0,jump to line 1396,-
BRDA:1422,0,jump to line 1423,-
BRDA:1422,0,jump to line 1427,-
BRDA:1429,0,jump to line 1430,-
BRDA:1429,0,jump to line 1431,-
BRDA:1488,0,jump to line 1489,-
BRDA:1488,0,jump to line 1491,-
BRDA:1493,0,jump to line 1495,-
BRDA:1493,0,jump to line 1506,-
BRDA:1500,0,jump to line 1502,-
BRDA:1500,0,jump to line 1504,-
BRDA:1526,0,jump to line 1527,-
BRDA:1526,0,jump to line 1529,-
BRDA:1587,0,jump to line 1588,-
BRDA:1587,0,jump to line 1607,-
BRDA:1589,0,jump to line 1590,-
BRDA:1589,0,jump to line 1607,-
BRDA:1607,0,jump to line 1608,-
BRDA:1607,0,jump to line 1611,-
BRDA:1626,0,jump to line 1627,-
BRDA:1626,0,jump to line 1651,-
BRDA:1630,0,jump to line 1631,-
BRDA:1630,0,jump to line 1651,-
BRDA:1651,0,jump to line 1652,-
BRDA:1651,0,jump to line 1656,-
BRDA:1731,0,jump to line 1732,-
BRDA:1731,0,jump to line 1737,-
BRDA:1746,0,jump to line 1751,-
BRDA:1746,0,jump to line 1760,-
BRDA:1772,0,jump to line 1773,-
BRDA:1772,0,jump to line 1775,-
BRDA:1786,0,jump to line 1787,-
BRDA:1786,0,jump to line 1796,-
BRDA:1791,0,jump to line 1786,-
BRDA:1791,0,jump to line 1792,-
BRDA:1797,0,jump to line 1798,-
BRDA:1797,0,return from function '_perform_axiom_quality_control',-
BRDA:1798,0,jump to line 1797,-
BRDA:1798,0,jump to line 1799,-
BRDA:1831,0,jump to line 1832,-
BRDA:1831,0,jump to line 1834,-
BRDA:1836,0,jump to line 1837,-
BRDA:1836,0,jump to line 1840,-
BRDA:1843,0,jump to line 1844,-
BRDA:1843,0,jump to line 1846,-
BRDA:1846,0,jump to line 1847,-
BRDA:1846,0,jump to line 1867,-
BRDA:1848,0,jump to line 1849,-
BRDA:1848,0,jump to line 1850,-
BRDA:1851,0,jump to line 1846,-
BRDA:1851,0,jump to line 1852,-
BRDA:1854,0,jump to line 1846,-
BRDA:1854,0,jump to line 1855,-
BRDA:1858,0,jump to line 1846,-
BRDA:1858,0,jump to line 1859,-
BRDA:1884,0,jump to line 1885,-
BRDA:1884,0,jump to line 1887,-
BRDA:1888,0,jump to line 1889,-
BRDA:1888,0,jump to line 1895,-
BRDA:1891,0,jump to line 1888,-
BRDA:1891,0,jump to line 1893,-
BRDA:1896,0,jump to line 1897,-
BRDA:1896,0,jump to line 1923,-
BRDA:1897,0,jump to line 1898,-
BRDA:1897,0,jump to line 1900,-
BRDA:1900,0,jump to line 1896,-
BRDA:1900,0,jump to line 1901,-
BRDA:1901,0,jump to line 1902,-
BRDA:1901,0,jump to line 1905,-
BRDA:1910,0,jump to line 1900,-
BRDA:1910,0,jump to line 1911,-
BRDA:1912,0,jump to line 1900,-
BRDA:1912,0,jump to line 1914,-
BRDA:1923,0,jump to line 1924,-
BRDA:1923,0,jump to line 1932,-
BRDA:1932,0,jump to line 1933,-
BRDA:1932,0,return from function '_prune_redundant_axioms',-
BRDA:1958,0,jump to line 1959,-
BRDA:1958,0,jump to line 1960,-
BRDA:1972,0,jump to line 1973,-
BRDA:1972,0,jump to line 2002,-
BRDA:1977,0,jump to line 1972,-
BRDA:1977,0,jump to line 1978,-
BRDA:2002,0,jump to line 2003,-
BRDA:2002,0,jump to line 2009,-
BRDA:2031,0,jump to line 2032,-
BRDA:2031,0,jump to line 2050,-
BRDA:2034,0,jump to line 2035,-
BRDA:2034,0,jump to line 2044,-
BRDA:2039,0,jump to line 2040,-
BRDA:2039,0,jump to line 2041,-
BRDA:2041,0,jump to line 2042,-
BRDA:2041,0,jump to line 2044,-
BRDA:2044,0,jump to line 2045,-
BRDA:2044,0,jump to line 2050,-
BRDA:2046,0,jump to line 2047,-
BRDA:2046,0,jump to line 2050,-
BRDA:2047,0,jump to line 2048,-
BRDA:2047,0,jump to line 2049,-
BRDA:2116,0,jump to line 2117,-
BRDA:2116,0,jump to line 2135,-
BRDA:2117,0,jump to line 2119,-
BRDA:2117,0,jump to line 2135,-
BRDA:2120,0,jump to line 2121,-
BRDA:2120,0,jump to line 2123,-
BRDA:2123,0,jump to line 2124,-
BRDA:2123,0,jump to line 2126,-
BRDA:2126,0,jump to line 2129,-
BRDA:2126,0,jump to line 2132,-
BRDA:2132,0,jump to line 2117,-
BRDA:2132,0,jump to line 2133,-
BRDA:2135,0,jump to line 2136,-
BRDA:2135,0,jump to line 2140,-
BRDA:2143,0,jump to line 2144,-
BRDA:2143,0,return from function 'validate_axioms_against_sheaf',-
BRDA:2147,0,jump to line 2148,-
BRDA:2147,0,return from function 'validate_axioms_against_sheaf',-
BRDA:2151,0,jump to line 2152,-
BRDA:2151,0,return from function 'validate_axioms_against_sheaf',-
BRF:288
BRH:0
end_of_record
SF:graph_rlm/backend/src/core/endpoints.py
DA:6,0
DA:7,0
DA:8,0
DA:9,0
DA:10,0
DA:11,0
DA:12,0
DA:13,0
DA:14,0
DA:15,0
DA:16,0
DA:18,0
DA:19,0
DA:20,0
DA:21,0
DA:22,0
DA:24,0
DA:25,0
DA:27,0
DA:28,0
DA:29,0
DA:30,0
DA:31,0
DA:32,0
DA:33,0
DA:35,0
DA:37,0
DA:41,0
DA:46,0
DA:47,0
DA:50,0
DA:55,0
DA:56,0
DA:57,0
DA:58,0
DA:59,0
DA:65,0
DA:66,0
DA:70,0
DA:73,0
DA:74,0
DA:80,0
DA:95,0
DA:96,0
DA:101,0
DA:103,0
DA:117,0
DA:118,0
DA:119,0
DA:120,0
DA:122,0
DA:124,0
DA:125,0
DA:126,0
DA:131,0
DA:133,0
DA:136,0
DA:137,0
DA:141,0
DA:142,0
DA:143,0
DA:144,0
DA:145,0
DA:148,0
DA:149,0
DA:154,0
DA:155,0
DA:156,0
DA:159,0
DA:160,0
DA:163,0
DA:164,0
DA:168,0
DA:170,0
DA:171,0
DA:173,0
DA:174,0
DA:176,0
DA:181,0
DA:182,0
DA:183,0
DA:186,0
DA:187,0
DA:191,0
DA:193,0
DA:194,0
DA:199,0
DA:204,0
DA:205,0
DA:208,0
DA:209,0
DA:213,0
DA:217,0
DA:231,0
DA:233,0
DA:234,0
DA:235,0
DA:236,0
DA:237,0
DA:239,0
DA:240,0
DA:241,0
DA:242,0
DA:243,0
DA:244,0
DA:245,0
DA:246,0
DA:248,0
DA:249,0
DA:251,0
DA:258,0
DA:259,0
DA:265,0
DA:266,0
DA:269,0
DA:270,0
DA:275,0
DA:278,0
DA:279,0
DA:285,0
DA:288,0
DA:298,0
DA:300,0
DA:301,0
DA:303,0
DA:312,0
DA:323,0
DA:339,0
DA:341,0
DA:343,0
DA:344,0
DA:345,0
DA:346,0
DA:347,0
DA:348,0
DA:352,0
DA:361,0
DA:363,0
DA:371,0
DA:373,0
DA:381,0
DA:384,0
DA:385,0
DA:386,0
DA:387,0
DA:388,0
DA:389,0
DA:390,0
DA:391,0
DA:392,0
DA:393,0
DA:394,0
DA:396,0
DA:406,0
DA:408,0
DA:409,0
DA:410,0
DA:411,0
DA:424,0
DA:425,0
DA:426,0
DA:428,0
DA:440,0
DA:443,0
DA:444,0
DA:448,0
DA:449,0
DA:450,0
DA:451,0
DA:456,0
DA:459,0
DA:460,0
DA:464,0
DA:465,0
DA:466,0
DA:467,0
DA:472,0
DA:475,0
DA:476,0
DA:480,0
DA:481,0
DA:482,0
DA:487,0
DA:492,0
DA:495,0
DA:496,0
DA:500,0
DA:502,0
DA:503,0
DA:504,0
DA:509,0
DA:512,0
DA:513,0
DA:518,0
DA:519,0
DA:521,0
DA:531,0
DA:532,0
DA:537,0
DA:539,0
DA:540,0
DA:541,0
DA:542,0
DA:543,0
DA:546,0
DA:551,0
DA:555,0
DA:561,0
DA:563,0
DA:564,0
DA:565,0
DA:568,0
DA:569,0
DA:570,0
DA:571,0
DA:572,0
DA:573,0
DA:574,0
DA:577,0
DA:578,0
DA:579,0
DA:584,0
DA:590,0
DA:597,0
DA:615,0
DA:616,0
DA:617,0
DA:618,0
DA:619,0
DA:621,0
DA:622,0
DA:623,0
DA:624,0
DA:626,0
DA:629,0
DA:630,0
DA:631,0
DA:639,0
DA:642,0
DA:643,0
DA:644,0
DA:645,0
DA:646,0
DA:648,0
DA:650,0
DA:652,0
DA:653,0
DA:654,0
DA:655,0
DA:658,0
DA:659,0
DA:664,0
DA:665,0
DA:667,0
DA:668,0
DA:669,0
DA:670,0
DA:673,0
DA:674,0
DA:675,0
DA:676,0
DA:677,0
DA:678,0
DA:680,0
DA:681,0
DA:683,0
DA:685,0
DA:687,0
DA:690,0
DA:692,0
DA:693,0
DA:701,0
DA:702,0
DA:703,0
DA:704,0
DA:708,0
DA:709,0
DA:710,0
DA:711,0
DA:714,0
DA:716,0
DA:722,0
DA:723,0
DA:727,0
DA:728,0
DA:730,0
DA:731,0
DA:733,0
DA:735,0
DA:736,0
DA:738,0
DA:740,0
DA:743,0
DA:745,0
DA:746,0
DA:747,0
DA:748,0
DA:750,0
DA:751,0
DA:752,0
DA:754,0
DA:756,0
DA:759,0
DA:760,0
DA:761,0
DA:762,0
DA:764,0
DA:765,0
DA:766,0
DA:768,0
DA:778,0
DA:779,0
DA:786,0
DA:789,0
DA:790,0
DA:792,0
DA:794,0
DA:796,0
DA:798,0
DA:799,0
DA:800,0
DA:808,0
DA:809,0
DA:810,0
DA:811,0
DA:817,0
DA:818,0
DA:823,0
DA:826,0
DA:828,0
DA:830,0
DA:831,0
DA:832,0
DA:833,0
DA:836,0
DA:838,0
DA:840,0
DA:841,0
DA:842,0
DA:845,0
DA:846,0
DA:848,0
DA:849,0
DA:850,0
DA:852,0
DA:853,0
DA:854,0
DA:860,0
DA:861,0
DA:862,0
DA:864,0
LF:351
LH:0
FN:66,70,list_models
FNDA:0,list_models
FN:74,92,get_config
FNDA:0,get_config
FN:96,133,update_config
FNDA:0,update_config
FN:137,145,stop_generation
FNDA:0,stop_generation
FN:149,160,shutdown_system
FNDA:0,shutdown_system
FN:154,156,shutdown_system.kill_server
FNDA:0,shutdown_system.kill_server
FN:164,183,get_system_status
FNDA:0,get_system_status
FN:187,205,reembed_graph
FNDA:0,reembed_graph
FN:209,266,list_sessions
FNDA:0,list_sessions
FN:270,275,get_session_thoughts
FNDA:0,get_session_thoughts
FN:279,440,get_history
FNDA:0,get_history
FN:444,456,delete_session
FNDA:0,delete_session
FN:460,472,delete_thought
FNDA:0,delete_thought
FN:476,492,prune_orphans
FNDA:0,prune_orphans
FN:496,509,reset_database
FNDA:0,reset_database
FN:513,528,get_eval_metrics
FNDA:0,get_eval_metrics
FN:532,655,get_graph
FNDA:0,get_graph
FN:568,613,get_graph.process_node
FNDA:0,get_graph.process_node
FN:659,716,chat_completions
FNDA:0,chat_completions
FN:685,714,chat_completions.response_stream
FNDA:0,chat_completions.response_stream
FN:723,786,mcp_status
FNDA:0,mcp_status
FN:790,811,list_skills_endpoint
FNDA:0,list_skills_endpoint
FN:818,864,websocket_log_stream
FNDA:0,websocket_log_stream
FN:828,833,websocket_log_stream.on_log
FNDA:0,websocket_log_stream.on_log
FNF:24
FNH:0
BRDA:118,0,jump to line 119,-
BRDA:118,0,jump to line 122,-
BRDA:119,0,jump to line 118,-
BRDA:119,0,jump to line 120,-
BRDA:122,0,jump to line 124,-
BRDA:122,0,jump to line 131,-
BRDA:125,0,jump to line 126,-
BRDA:125,0,jump to line 131,-
BRDA:170,0,jump to line 171,-
BRDA:170,0,jump to line 173,-
BRDA:234,0,jump to line 235,-
BRDA:234,0,jump to line 258,-
BRDA:239,0,jump to line 240,-
BRDA:239,0,jump to line 243,-
BRDA:243,0,jump to line 244,-
BRDA:243,0,jump to line 248,-
BRDA:248,0,jump to line 249,-
BRDA:248,0,jump to line 251,-
BRDA:300,0,jump to line 301,-
BRDA:300,0,jump to line 323,-
BRDA:301,0,jump to line 303,-
BRDA:301,0,jump to line 323,-
BRDA:341,0,jump to line 343,-
BRDA:341,0,jump to line 440,-
BRDA:361,0,jump to line 363,-
BRDA:361,0,jump to line 371,-
BRDA:371,0,jump to line 373,-
BRDA:371,0,jump to line 381,-
BRDA:381,0,jump to line 384,-
BRDA:381,0,jump to line 406,-
BRDA:385,0,jump to line 386,-
BRDA:385,0,jump to line 387,-
BRDA:387,0,jump to line 388,-
BRDA:387,0,jump to line 389,-
BRDA:389,0,jump to line 390,-
BRDA:389,0,jump to line 391,-
BRDA:391,0,jump to line 392,-
BRDA:391,0,jump to line 393,-
BRDA:393,0,jump to line 394,-
BRDA:393,0,jump to line 396,-
BRDA:406,0,jump to line 408,-
BRDA:406,0,jump to line 424,-
BRDA:409,0,jump to line 410,-
BRDA:409,0,jump to line 411,-
BRDA:425,0,jump to line 426,-
BRDA:425,0,jump to line 428,-
BRDA:541,0,jump to line 542,-
BRDA:541,0,jump to line 546,-
BRDA:569,0,jump to line 570,-
BRDA:569,0,jump to line 571,-
BRDA:573,0,jump to line 574,-
BRDA:573,0,jump to line 577,-
BRDA:578,0,jump to line 579,-
BRDA:578,0,jump to line 584,-
BRDA:615,0,jump to line 616,-
BRDA:615,0,jump to line 621,-
BRDA:618,0,jump to line 615,-
BRDA:618,0,jump to line 619,-
BRDA:621,0,jump to line 622,-
BRDA:621,0,jump to line 642,-
BRDA:626,0,jump to line 621,-
BRDA:626,0,jump to line 629,-
[...]
DA:168,0
DA:169,0
DA:172,0
DA:174,0
DA:175,0
DA:176,0
DA:179,0
DA:180,0
DA:181,0
DA:182,0
DA:185,0
DA:186,0
DA:187,0
DA:188,0
DA:189,0
DA:190,0
DA:191,0
DA:196,0
DA:197,0
DA:198,0
DA:199,0
DA:200,0
DA:204,0
DA:205,0
DA:206,0
DA:209,0
DA:219,0
DA:220,0
DA:222,0
DA:233,0
DA:234,0
DA:235,0
DA:236,0
DA:238,1
DA:241,0
DA:242,0
DA:243,0
DA:246,0
DA:247,0
DA:252,0
DA:256,0
DA:257,0
DA:258,0
DA:259,0
DA:261,0
DA:262,0
DA:263,0
DA:265,0
DA:266,0
DA:267,0
DA:271,0
DA:273,0
DA:274,0
DA:275,0
DA:279,0
DA:288,0
DA:298,0
DA:299,0
DA:300,0
DA:301,0
DA:303,1
DA:309,0
DA:310,0
DA:313,0
DA:314,0
DA:315,0
DA:317,0
DA:318,0
DA:319,0
DA:321,0
DA:322,0
DA:324,0
DA:330,0
DA:331,0
DA:338,0
DA:339,0
DA:341,0
DA:342,0
DA:343,0
DA:345,0
DA:353,0
DA:354,0
DA:355,0
DA:356,0
DA:357,0
DA:361,0
DA:362,0
DA:364,0
DA:365,0
DA:366,0
DA:368,0
DA:369,0
DA:373,0
DA:375,0
DA:382,0
DA:383,0
DA:387,0
DA:388,0
DA:390,0
DA:391,0
DA:392,0
DA:394,1
DA:410,0
DA:411,0
DA:412,0
DA:414,0
DA:415,0
DA:416,0
DA:419,0
DA:427,0
DA:428,0
DA:429,0
DA:431,0
DA:432,0
DA:435,0
DA:436,0
DA:437,0
DA:438,0
DA:439,0
DA:440,0
DA:443,0
DA:444,0
DA:445,0
DA:448,0
DA:458,0
DA:459,0
DA:461,0
DA:463,0
DA:476,0
DA:477,0
DA:478,0
DA:481,0
DA:482,0
DA:483,0
DA:484,0
DA:488,0
DA:490,0
DA:491,0
DA:498,0
DA:499,0
DA:500,0
DA:516,0
DA:517,0
DA:518,0
DA:520,0
DA:522,1
DA:533,0
DA:534,0
DA:535,0
DA:536,0
DA:538,0
DA:541,0
DA:542,0
DA:543,0
DA:544,0
DA:545,0
DA:546,0
DA:548,0
DA:556,0
DA:559,0
DA:560,0
DA:562,0
DA:564,1
DA:568,0
DA:569,0
DA:571,0
DA:572,0
DA:573,0
DA:574,0
DA:576,0
DA:577,0
DA:578,0
DA:580,0
DA:581,0
DA:582,0
DA:584,0
DA:591,0
DA:593,1
DA:597,0
DA:598,0
DA:600,0
DA:601,0
DA:603,0
DA:604,0
DA:605,0
DA:607,0
DA:608,0
DA:609,0
DA:611,0
DA:612,0
DA:613,0
DA:615,0
DA:626,1
DA:631,0
DA:632,0
DA:633,0
DA:635,0
DA:637,0
DA:638,0
DA:639,0
DA:641,0
DA:643,0
DA:645,1
DA:651,1
DA:652,1
DA:653,0
DA:655,1
DA:656,1
DA:661,1
DA:662,1
DA:663,1
DA:664,0
DA:665,0
DA:666,0
DA:667,0
DA:668,0
DA:669,1
DA:671,1
DA:673,0
DA:678,0
DA:680,1
DA:682,0
DA:688,0
DA:690,1
DA:692,0
DA:698,0
DA:699,0
DA:700,0
DA:701,0
DA:702,0
DA:712,0
DA:715,1
DA:716,1
DA:719,1
DA:720,1
DA:723,1
DA:726,1
DA:731,1
DA:732,1
DA:736,1
DA:739,0
DA:741,1
DA:742,1
DA:743,1
DA:746,1
DA:750,1
DA:751,1
DA:752,1
DA:754,1
DA:762,1
DA:768,1
DA:769,1
DA:770,1
DA:771,1
DA:773,1
DA:776,1
DA:781,0
DA:782,0
DA:785,0
DA:786,0
DA:787,0
DA:792,0
DA:794,0
DA:795,0
DA:796,0
DA:797,0
DA:799,0
DA:801,0
DA:804,0
DA:805,0
DA:806,0
DA:807,0
DA:810,0
DA:811,0
DA:812,0
DA:813,0
DA:815,0
DA:816,0
DA:817,0
DA:818,0
DA:819,0
DA:820,0
DA:821,0
DA:822,0
DA:823,0
DA:824,0
DA:827,0
DA:830,0
DA:831,0
DA:832,0
DA:833,0
DA:834,0
DA:836,0
DA:837,0
DA:843,1
DA:844,0
DA:845,0
DA:846,0
DA:849,0
DA:850,0
DA:852,0
DA:856,0
DA:857,0
DA:859,0
DA:860,0
DA:864,0
DA:865,0
DA:866,0
DA:874,0
DA:875,0
DA:877,0
DA:878,0
DA:881,0
DA:882,0
DA:883,0
DA:884,0
DA:885,0
DA:886,0
DA:887,0
DA:890,0
DA:891,0
DA:895,0
DA:900,0
DA:901,0
DA:904,0
DA:905,0
DA:908,0
DA:909,0
DA:910,0
DA:911,0
DA:912,0
DA:913,0
DA:916,0
DA:925,0
DA:926,0
DA:928,0
DA:940,0
DA:941,0
DA:942,0
DA:943,0
DA:944,0
DA:945,0
DA:946,0
DA:948,1
DA:968,0
DA:969,0
DA:970,0
DA:972,0
DA:973,0
DA:974,0
DA:977,0
DA:985,0
DA:986,0
DA:987,0
DA:989,0
DA:990,0
DA:993,0
DA:994,0
DA:995,0
DA:996,0
DA:997,0
DA:998,0
DA:1001,0
DA:1002,0
DA:1003,0
DA:1005,0
DA:1018,0
DA:1019,0
DA:1021,0
DA:1023,0
DA:1040,0
DA:1041,0
DA:1042,0
DA:1045,0
DA:1046,0
DA:1047,0
DA:1048,0
DA:1049,0
DA:1052,0
DA:1053,0
DA:1060,0
DA:1063,0
DA:1070,0
DA:1071,0
DA:1084,0
DA:1089,0
DA:1090,0
DA:1092,0
DA:1094,1
DA:1096,1
DA:1097,1
DA:1098,1
DA:1099,1
DA:1100,0
DA:1101,0
DA:1102,0
DA:1103,0
DA:1104,0
DA:1105,0
DA:1106,0
DA:1107,0
DA:1108,0
DA:1114,1
DA:1116,1
DA:1118,0
DA:1119,0
DA:1120,0
DA:1121,0
DA:1122,0
DA:1123,0
DA:1124,0
DA:1125,0
DA:1126,0
DA:1127,0
DA:1128,0
DA:1130,0
DA:1132,1
DA:1137,0
DA:1138,0
DA:1139,0
DA:1140,0
DA:1141,0
DA:1142,0
DA:1143,0
DA:1144,0
DA:1145,0
DA:1146,0
DA:1147,0
DA:1148,0
DA:1149,0
DA:1150,0
DA:1152,1
DA:1158,1
DA:1159,1
DA:1160,0
DA:1162,1
DA:1163,1
DA:1168,1
DA:1169,1
DA:1170,1
DA:1171,0
DA:1172,0
DA:1173,0
DA:1174,0
DA:1175,0
DA:1176,1
DA:1178,1
DA:1185,0
DA:1186,0
DA:1187,0
DA:1189,0
DA:1190,0
DA:1198,0
DA:1199,0
DA:1200,0
DA:1201,0
DA:1202,0
DA:1203,0
DA:1204,0
DA:1205,0
DA:1206,0
DA:1208,1
DA:1212,0
DA:1214,0
DA:1215,0
DA:1216,0
DA:1218,0
DA:1219,0
DA:1221,0
DA:1222,0
DA:1223,0
DA:1224,0
DA:1225,0
DA:1226,0
DA:1227,0
DA:1229,0
DA:1230,0
DA:1232,0
DA:1233,0
DA:1234,0
DA:1236,0
DA:1238,0
DA:1239,0
DA:1242,0
DA:1243,0
DA:1244,0
DA:1245,0
DA:1246,0
DA:1247,0
DA:1248,0
DA:1249,0
DA:1250,0
DA:1253,1
DA:1255,1
DA:1256,1
DA:1257,1
DA:1259,1
DA:1266,1
DA:1314,1
DA:1317,0
DA:1319,0
DA:1322,1
DA:1330,0
DA:1331,0
DA:1334,1
DA:1336,0
DA:1337,0
LF:583
LH:94
FN:32,44,_spec_name
FNDA:0,_spec_name
FN:52,62,SkillsManager.__init__
FNDA:1,SkillsManager.__init__
FN:66,129,SkillsManager.sync_from_disk
FNDA:0,SkillsManager.sync_from_disk
FN:131,236,SkillsManager._sync_python_skill
FNDA:0,SkillsManager._sync_python_skill
FN:238,301,SkillsManager._sync_instructional_skill
FNDA:0,SkillsManager._sync_instructional_skill
FN:303,392,SkillsManager.install_skill
FNDA:0,SkillsManager.install_skill
FN:394,520,SkillsManager.save_skill
FNDA:0,SkillsManager.save_skill
FN:522,562,SkillsManager.save_instructional_skill
FNDA:0,SkillsManager.save_instructional_skill
FN:564,591,SkillsManager.list_skills
FNDA:0,SkillsManager.list_skills
FN:593,624,SkillsManager.get_skill
FNDA:0,SkillsManager.get_skill
FN:626,643,SkillsManager.get_import_statement
FNDA:0,SkillsManager.get_import_statement
FN:645,669,SkillsManager.find_similar_skills
FNDA:1,SkillsManager.find_similar_skills
FN:671,678,SkillsManager.record_skill_success
FNDA:0,SkillsManager.record_skill_success
FN:680,688,SkillsManager.record_skill_error
FNDA:0,SkillsManager.record_skill_error
FN:690,712,SkillsManager.get_skill_health
FNDA:0,SkillsManager.get_skill_health
FN:726,743,_resolve_system_path
FNDA:1,_resolve_system_path
FN:746,754,get_skills_manager
FNDA:1,get_skills_manager
FN:768,773,AxiomsManager.__init__
FNDA:1,AxiomsManager.__init__
FN:776,841,AxiomsManager.sync_from_disk
FNDA:0,AxiomsManager.sync_from_disk
FN:843,946,AxiomsManager._sync_axiom
FNDA:0,AxiomsManager._sync_axiom
FN:948,1092,AxiomsManager.save_axiom
FNDA:0,AxiomsManager.save_axiom
FN:1094,1114,AxiomsManager.list_axioms
FNDA:1,AxiomsManager.list_axioms
FN:1116,1130,AxiomsManager.get_axiom
FNDA:0,AxiomsManager.get_axiom
FN:1132,1150,AxiomsManager.get_system_axioms
FNDA:0,AxiomsManager.get_system_axioms
FN:1152,1176,AxiomsManager.find_similar_axioms
FNDA:1,AxiomsManager.find_similar_axioms
FN:1178,1206,AxiomsManager.find_healing_axiom
FNDA:0,AxiomsManager.find_healing_axiom
FN:1208,1250,AxiomsManager.disable_axiom
FNDA:0,AxiomsManager.disable_axiom
FN:1253,1259,get_axioms_manager
FNDA:1,get_axioms_manager
FN:1314,1319,run_skill
FNDA:0,run_skill
FN:1322,1331,save_skill
FNDA:0,save_skill
FN:1334,1337,list_skills
FNDA:0,list_skills
FNF:31
FNH:8
BRDA:76,0,jump to line 77,-
BRDA:76,0,jump to line 118,-
BRDA:77,0,jump to line 78,-
BRDA:77,0,jump to line 81,-
BRDA:81,0,jump to line 82,-
BRDA:81,0,jump to line 88,-
BRDA:83,0,jump to line 76,-
BRDA:83,0,jump to line 84,-
BRDA:88,0,jump to line 76,-
BRDA:88,0,jump to line 89,-
BRDA:95,0,jump to line 97,-
BRDA:95,0,jump to line 102,-
BRDA:97,0,jump to line 98,-
BRDA:97,0,jump to line 102,-
BRDA:98,0,jump to line 97,-
BRDA:98,0,jump to line 99,-
BRDA:102,0,jump to line 105,-
BRDA:102,0,jump to line 111,-
BRDA:108,0,jump to line 76,-
BRDA:108,0,jump to line 109,-
BRDA:111,0,jump to line 76,-
BRDA:111,0,jump to line 112,-
BRDA:113,0,jump to line 76,-
BRDA:113,0,jump to line 114,-
BRDA:119,0,jump to line 120,-
BRDA:119,0,jump to line 124,-
BRDA:120,0,jump to line 119,-
BRDA:120,0,jump to line 121,-
BRDA:140,0,jump to line 142,-
BRDA:140,0,jump to line 150,-
BRDA:146,0,jump to line 147,-
BRDA:146,0,jump to line 150,-
BRDA:162,0,jump to line 163,-
BRDA:162,0,jump to line 168,-
BRDA:175,0,jump to line 176,-
BRDA:175,0,jump to line 179,-
BRDA:180,0,jump to line 181,-
BRDA:180,0,jump to line 185,-
BRDA:185,0,jump to line 186,-
BRDA:185,0,jump to line 196,-
BRDA:186,0,jump to line 187,-
BRDA:186,0,jump to line 188,-
BRDA:188,0,jump to line 189,-
BRDA:188,0,jump to line 190,-
BRDA:190,0,jump to line 191,-
BRDA:190,0,jump to line 196,-
BRDA:199,0,jump to line 200,-
BRDA:199,0,jump to line 209,-
BRDA:219,0,jump to line 220,-
BRDA:219,0,jump to line 222,-
BRDA:247,0,jump to line 252,-
BRDA:247,0,jump to line 256,-
BRDA:258,0,jump to line 259,-
BRDA:258,0,jump to line 273,-
BRDA:261,0,jump to line 262,-
BRDA:261,0,jump to line 273,-
BRDA:262,0,jump to line 261,-
BRDA:262,0,jump to line 263,-
BRDA:266,0,jump to line 267,-
BRDA:266,0,jump to line 271,-
BRDA:313,0,jump to line 314,-
BRDA:313,0,jump to line 361,-
BRDA:314,0,jump to line 315,-
BRDA:314,0,jump to line 317,-
BRDA:321,0,jump to line 322,-
BRDA:321,0,jump to line 330,-
BRDA:339,0,jump to line 341,-
BRDA:339,0,jump to line 353,-
BRDA:342,0,jump to line 343,-
BRDA:342,0,jump to line 353,-
BRDA:361,0,jump to line 362,-
BRDA:361,0,jump to line 364,-
BRDA:368,0,jump to line 369,-
BRDA:368,0,jump to line 373,-
BRDA:382,0,jump to line 383,-
BRDA:382,0,jump to line 387,-
BRDA:427,0,jump to line 428,-
BRDA:427,0,jump to line 429,-
BRDA:439,0,jump to line 440,-
BRDA:439,0,jump to line 448,-
BRDA:458,0,jump to line 459,-
BRDA:458,0,jump to line 461,-
BRDA:543,0,jump to line 544,-
BRDA:543,0,jump to line 546,-
BRDA:572,0,jump to line 573,-
BRDA:572,0,jump to line 591,-
BRDA:573,0,jump to line 574,-
BRDA:573,0,jump to line 576,-
BRDA:577,0,jump to line 578,-
BRDA:577,0,jump to line 580,-
BRDA:581,0,jump to line 582,-
BRDA:581,0,jump to line 584,-
BRDA:600,0,jump to line 601,-
BRDA:600,0,jump to line 603,-
BRDA:604,0,jump to line 605,-
BRDA:604,0,jump to line 607,-
BRDA:608,0,jump to line 609,-
BRDA:608,0,jump to line 611,-
BRDA:612,0,jump to line 613,-
BRDA:612,0,jump to line 615,-
BRDA:632,0,jump to line 633,-
BRDA:632,0,jump to line 635,-
BRDA:635,0,jump to line 637,-
BRDA:635,0,jump to line 643,-
BRDA:638,0,jump to line 639,-
BRDA:638,0,jump to line 641,-
BRDA:652,0,jump to line 653,0
BRDA:652,0,jump to line 655,1
BRDA:663,0,jump to line 664,0
BRDA:663,0,jump to line 669,1
BRDA:666,0,jump to line 663,-
BRDA:666,0,jump to line 667,-
BRDA:699,0,jump to line 700,-
BRDA:699,0,jump to line 712,-
BRDA:732,0,jump to line 736,1
BRDA:732,0,jump to line 739,0
BRDA:750,0,jump to line 751,1
BRDA:750,0,jump to line 754,1
BRDA:786,0,jump to line 787,-
BRDA:786,0,jump to line 799,-
BRDA:787,0,jump to line 792,-
BRDA:787,0,jump to line 794,-
BRDA:795,0,jump to line 796,-
BRDA:795,0,jump to line 797,-
BRDA:799,0,jump to line 801,-
BRDA:799,0,jump to line 830,-
BRDA:804,0,jump to line 805,-
BRDA:804,0,jump to line 810,-
BRDA:805,0,jump to line 806,-
BRDA:805,0,jump to line 807,-
BRDA:810,0,jump to line 799,-
BRDA:810,0,jump to line 811,-
BRDA:813,0,jump to line 799,-
BRDA:813,0,jump to line 815,-
BRDA:816,0,jump to line 817,-
BRDA:816,0,jump to line 821,-
BRDA:817,0,jump to line 818,-
BRDA:817,0,jump to line 821,-
BRDA:818,0,jump to line 817,-
BRDA:818,0,jump to line 819,-
BRDA:821,0,jump to line 822,-
BRDA:821,0,jump to line 827,-
BRDA:822,0,jump to line 823,-
BRDA:822,0,jump to line 824,-
BRDA:831,0,jump to line 832,-
BRDA:831,0,jump to line 836,-
BRDA:832,0,jump to line 831,-
BRDA:832,0,jump to line 833,-
BRDA:850,0,jump to line 852,-
BRDA:850,0,jump to line 859,-
BRDA:856,0,jump to line 857,-
BRDA:856,0,jump to line 859,-
BRDA:859,0,jump to line 860,-
BRDA:859,0,jump to line 865,-
BRDA:874,0,jump to line 875,-
BRDA:874,0,jump to line 877,-
BRDA:882,0,jump to line 883,-
BRDA:882,0,jump to line 884,-
BRDA:884,0,jump to line 885,-
BRDA:884,0,jump to line 886,-
BRDA:886,0,jump to line 887,-
BRDA:886,0,jump to line 890,-
BRDA:891,0,jump to line 895,-
BRDA:891,0,jump to line 900,-
BRDA:904,0,jump to line 905,-
BRDA:904,0,jump to line 908,-
BRDA:925,0,jump to line 926,-
BRDA:925,0,jump to line 928,-
BRDA:985,0,jump to line 986,-
BRDA:985,0,jump to line 987,-
BRDA:997,0,jump to line 998,-
BRDA:997,0,jump to line 1005,-
BRDA:1018,0,jump to line 1019,-
BRDA:1018,0,jump to line 1021,-
BRDA:1099,0,jump to line 1100,0
BRDA:1099,0,jump to line 1114,1
BRDA:1100,0,jump to line 1101,-
BRDA:1100,0,jump to line 1102,-
BRDA:1103,0,jump to line 1104,-
BRDA:1103,0,jump to line 1105,-
BRDA:1106,0,jump to line 1107,-
BRDA:1106,0,jump to line 1108,-
BRDA:1120,0,jump to line 1121,-
BRDA:1120,0,jump to line 1122,-
BRDA:1124,0,jump to line 1125,-
BRDA:1124,0,jump to line 1126,-
BRDA:1127,0,jump to line 1128,-
BRDA:1127,0,jump to line 1130,-
BRDA:1140,0,jump to line 1141,-
BRDA:1140,0,jump to line 1150,-
BRDA:1141,0,jump to line 1142,-
BRDA:1141,0,jump to line 1143,-
BRDA:1144,0,jump to line 1145,-
BRDA:1144,0,jump to line 1146,-
BRDA:1147,0,jump to line 1148,-
BRDA:1147,0,jump to line 1149,-
BRDA:1159,0,jump to line 1160,0
BRDA:1159,0,jump to line 1162,1
BRDA:1170,0,jump to line 1171,0
BRDA:1170,0,jump to line 1176,1
BRDA:1173,0,jump to line 1170,-
BRDA:1173,0,jump to line 1174,-
BRDA:1186,0,jump to line 1187,-
BRDA:1186,0,jump to line 1189,-
BRDA:1200,0,jump to line 1201,-
BRDA:1200,0,jump to line 1206,-
BRDA:1203,0,jump to line 1200,-
BRDA:1203,0,jump to line 1204,-
BRDA:1222,0,jump to line 1223,-
BRDA:1222,0,jump to line 1224,-
BRDA:1224,0,jump to line 1225,-
BRDA:1224,0,jump to line 1226,-
BRDA:1226,0,jump to line 1227,-
BRDA:1226,0,jump to line 1229,-
BRDA:1229,0,jump to line 1230,-
BRDA:1229,0,jump to line 1242,-
BRDA:1232,0,jump to line 1233,-
BRDA:1232,0,jump to line 1238,-
BRDA:1233,0,jump to line 1234,-
BRDA:1233,0,jump to line 1236,-
BRDA:1255,0,jump to line 1256,1
BRDA:1255,0,jump to line 1259,1
BRF:222
BRH:10
end_of_record
SF:graph_rlm/backend/src/mcp_integration/utils/__init__.py
DA:5,0
DA:8,0
DA:15,0
DA:16,0
DA:18,0
DA:19,0
DA:21,0
DA:22,0
DA:24,0
LF:9
LH:0
FN:8,24,normalize_mcp_result
FNDA:0,normalize_mcp_result
FNF:1
FNH:0
BRDA:15,0,jump to line 16,-
BRDA:15,0,jump to line 24,-
BRDA:18,0,jump to line 19,-
BRDA:18,0,jump to line 21,-
BRDA:21,0,jump to line 22,-
BRDA:21,0,jump to line 24,-
BRF:6
BRH:0
end_of_record
SF:graph_rlm/backend/src/mcp_integration/utils/schema_builder.py
DA:9,0
DA:10,0
DA:13,0
DA:14,0
DA:17,0
DA:18,0
DA:19,0
DA:20,0
DA:21,0
DA:22,0
DA:25,0
DA:26,0
DA:29,0
DA:30,0
DA:31,0
DA:32,0
DA:33,0
DA:36,0
DA:42,0
DA:43,0
DA:45,0
DA:54,0
DA:55,0
DA:56,0
DA:58,0
DA:59,0
DA:60,0
DA:61,0
DA:62,0
DA:63,0
DA:64,0
DA:66,0
DA:67,0
DA:68,0
DA:69,0
DA:70,0
DA:72,0
DA:79,0
DA:80,0
DA:82,0
DA:84,0
DA:85,0
DA:86,0
DA:88,0
DA:90,0
DA:91,0
DA:92,0
DA:93,0
DA:94,0
DA:95,0
DA:96,0
DA:97,0
DA:99,0
DA:113,0
DA:114,0
DA:115,0
DA:116,0
DA:117,0
DA:119,0
DA:121,0
DA:122,0
DA:124,0
DA:126,0
DA:128,0
DA:129,0
DA:130,0
DA:131,0
DA:132,0
DA:133,0
DA:134,0
DA:135,0
DA:136,0
DA:137,0
DA:138,0
DA:140,0
DA:143,0
DA:144,0
DA:147,0
DA:156,0
DA:157,0
DA:158,0
DA:159,0
DA:161,0
DA:163,0
DA:171,0
DA:173,0
DA:174,0
DA:176,0
DA:177,0
DA:178,0
DA:179,0
DA:180,0
DA:181,0
DA:182,0
DA:183,0
DA:185,0
DA:188,0
DA:206,0
DA:209,0
DA:212,0
DA:215,0
DA:219,0
DA:224,0
DA:225,0
DA:228,0
DA:232,0
DA:251,0
DA:252,0
DA:256,0
DA:260,0
DA:274,0
DA:275,0
DA:276,0
DA:278,0
DA:280,0
DA:283,0
DA:285,0
DA:295,0
DA:302,0
LF:119
LH:0
FN:42,43,SchemaBuilder.__init__
FNDA:0,SchemaBuilder.__init__
FN:45,80,SchemaBuilder.create_schema
FNDA:0,SchemaBuilder.create_schema
FN:82,86,SchemaBuilder.instantiate
FNDA:0,SchemaBuilder.instantiate
FN:88,97,SchemaBuilder.infer
FNDA:0,SchemaBuilder.infer
FN:99,169,SchemaBuilder.evaluate_fit
FNDA:0,SchemaBuilder.evaluate_fit
FN:171,183,SchemaBuilder.evolve_schema
FNDA:0,SchemaBuilder.evolve_schema
FN:185,230,SchemaBuilder.bootstrap_meta_ontology
FNDA:0,SchemaBuilder.bootstrap_meta_ontology
FN:232,258,SchemaBuilder.create_domain_concept
FNDA:0,SchemaBuilder.create_domain_concept
FN:260,292,SchemaBuilder.measure_compression
FNDA:0,SchemaBuilder.measure_compression
FN:295,302,schema_builder
FNDA:0,schema_builder
FNF:10
FNH:0
BRDA:58,0,jump to line 59,-
BRDA:58,0,jump to line 66,-
BRDA:63,0,jump to line 64,-
BRDA:63,0,jump to line 66,-
BRDA:67,0,jump to line 68,-
BRDA:67,0,jump to line 69,-
BRDA:69,0,jump to line 70,-
BRDA:69,0,jump to line 72,-
BRDA:84,0,jump to line 85,-
BRDA:84,0,jump to line 86,-
BRDA:92,0,jump to line 93,-
BRDA:92,0,jump to line 96,-
BRDA:93,0,jump to line 92,-
BRDA:93,0,jump to line 94,-
BRDA:94,0,jump to line 92,-
BRDA:94,0,jump to line 95,-
BRDA:119,0,jump to line 121,-
BRDA:119,0,jump to line 143,-
BRDA:121,0,jump to line 122,-
BRDA:121,0,jump to line 124,-
BRDA:128,0,jump to line 129,-
BRDA:128,0,jump to line 140,-
BRDA:131,0,jump to line 119,-
BRDA:131,0,jump to line 132,-
BRDA:133,0,jump to line 134,-
BRDA:133,0,jump to line 136,-
BRDA:136,0,jump to line 119,-
BRDA:136,0,jump to line 137,-
BRDA:156,0,jump to line 157,-
BRDA:156,0,jump to line 158,-
BRDA:158,0,jump to line 159,-
BRDA:158,0,jump to line 161,-
BRDA:176,0,jump to line 177,-
BRDA:176,0,jump to line 183,-
BRDA:178,0,jump to line 179,-
BRDA:178,0,jump to line 182,-
BRDA:179,0,jump to line 178,-
BRDA:179,0,jump to line 180,-
BRDA:251,0,jump to line 252,-
BRDA:251,0,jump to line 256,-
BRDA:275,0,jump to line 276,-
BRDA:275,0,jump to line 278,-
BRF:42
BRH:0
end_of_record
SF:graph_rlm/backend/src/mcp_integration/utils/task_schema.py
DA:11,0
DA:12,0
DA:14,0
DA:17,0
DA:18,0
DA:20,0
DA:22,0
DA:24,0
DA:25,0
DA:28,0
DA:35,0
DA:36,0
DA:37,0
DA:38,0
DA:40,0
DA:42,0
DA:43,0
DA:46,0
DA:49,0
DA:50,0
DA:52,0
DA:54,0
DA:55,0
DA:58,0
DA:70,0
DA:81,0
DA:92,0
DA:103,0
DA:105,0
DA:118,0
DA:120,0
DA:121,0
DA:124,0
DA:125,0
DA:127,0
DA:128,0
DA:129,0
DA:130,0
DA:139,0
DA:140,0
DA:143,0
DA:144,0
DA:146,0
DA:152,0
DA:154,0
DA:155,0
DA:156,0
DA:157,0
DA:159,0
DA:161,0
DA:163,0
DA:166,0
DA:167,0
DA:169,0
DA:170,0
DA:173,0
DA:174,0
DA:176,0
DA:179,0
DA:180,0
DA:184,0
DA:185,0
DA:186,0
DA:187,0
DA:188,0
DA:190,0
DA:193,0
DA:194,0
DA:195,0
DA:196,0
DA:206,0
DA:207,0
DA:209,0
DA:212,0
DA:213,0
DA:218,0
DA:220,0
DA:227,0
DA:228,0
DA:229,0
DA:231,0
DA:236,0
DA:237,0
DA:241,0
DA:244,0
DA:247,0
DA:248,0
DA:249,0
DA:252,0
DA:258,0
DA:259,0
DA:261,0
DA:262,0
DA:263,0
DA:267,0
LF:95
LH:0
FN:35,38,TaskSchemaProcessor.__init__
FNDA:0,TaskSchemaProcessor.__init__
FN:40,50,TaskSchemaProcessor.initialize
FNDA:0,TaskSchemaProcessor.initialize
FN:52,103,TaskSchemaProcessor._create_task_schemas
FNDA:0,TaskSchemaProcessor._create_task_schemas
FN:105,150,TaskSchemaProcessor.classify_task
FNDA:0,TaskSchemaProcessor.classify_task
FN:152,159,TaskSchemaProcessor._get_recommendation
FNDA:0,TaskSchemaProcessor._get_recommendation
FN:161,218,TaskSchemaProcessor.suggest_tools
FNDA:0,TaskSchemaProcessor.suggest_tools
FN:220,229,TaskSchemaProcessor.get_methodology_for_task
FNDA:0,TaskSchemaProcessor.get_methodology_for_task
FN:231,237,TaskSchemaProcessor.record_accommodation
FNDA:0,TaskSchemaProcessor.record_accommodation
FN:244,249,get_task_schema_processor
FNDA:0,get_task_schema_processor
FN:252,267,classify_and_route_task
FNDA:0,classify_and_route_task
FNF:10
FNH:0
BRDA:18,0,jump to line 20,-
BRDA:18,0,jump to line 22,-
BRDA:24,0,jump to line 25,-
BRDA:24,0,jump to line 28,-
BRDA:42,0,jump to line 43,-
BRDA:42,0,jump to line 46,-
BRDA:54,0,jump to line 55,-
BRDA:54,0,jump to line 58,-
BRDA:127,0,jump to line 128,-
BRDA:127,0,jump to line 143,-
BRDA:154,0,jump to line 155,-
BRDA:154,0,jump to line 156,-
BRDA:156,0,jump to line 157,-
BRDA:156,0,jump to line 159,-
BRDA:193,0,jump to line 194,-
BRDA:193,0,jump to line 195,-
BRDA:195,0,jump to line 196,-
BRDA:195,0,jump to line 206,-
BRDA:206,0,jump to line 207,-
BRDA:206,0,jump to line 209,-
BRDA:227,0,jump to line 228,-
BRDA:227,0,jump to line 229,-
BRDA:247,0,jump to line 248,-
BRDA:247,0,jump to line 249,-
BRDA:262,0,jump to line 263,-
BRDA:262,0,jump to line 267,-
BRF:26
BRH:0
end_of_record
SF:graph_rlm/backend/src/slac_framework.py
DA:2,0
DA:3,0
DA:5,0
DA:13,0
DA:14,0
DA:15,0
DA:19,0
DA:20,0
DA:21,0
DA:24,0
DA:25,0
DA:27,0
DA:33,0
DA:34,0
DA:37,0
DA:38,0
DA:40,0
LF:17
LH:0
FN:5,47,main
FNDA:0,main
FNF:1
FNH:0
end_of_record
