Name                                                            Stmts   Miss Branch BrPart  Cover   Missing
-----------------------------------------------------------------------------------------------------------
graph_rlm/backend/src/__init__.py                                   0      0      0      0   100%
graph_rlm/backend/src/cli.py                                      216    216     50      0     0%   1-458
graph_rlm/backend/src/core/__init__.py                              2      0      0      0   100%
graph_rlm/backend/src/core/activation.py                           94     61     34      0    26%   63, 108-120, 130-132, 152-164, 183-196, 216-230, 253-269, 288-301, 306
graph_rlm/backend/src/core/agent.py                              1008    173    328     96    78%   70-71, 218-224, 294, 325->333, 416->427, 439-445, 458, 463, 492, 502-509, 513, 517, 522, 532-533, 536-541, 579-581, 617->622, 619->622, 625->629, 661, 663, 667->677, 736-737, 750-757, 765, 779, 785, 814-822, 857->862, 859->862, 923-930, 982, 997, 999, 1001, 1017, 1018->1021, 1022, 1024, 1066, 1083-1102, 1106->1134, 1110, 1124-1132, 1153, 1183, 1195->1198, 1213->1216, 1216->1219, 1225->1228, 1286, 1317-1318, 1335-1336, 1346-1351, 1372->1378, 1375-1376, 1394-1402, 1425-1427, 1452-1466, 1485->1490, 1496-1497, 1501-1508, 1518-1523, 1527->1566, 1550-1558, 1568, 1580->exit, 1587-1588, 1593-1594, 1602->1622, 1630->1636, 1662->1840, 1672, 1693-1706, 1742-1755, 1772-1773, 1801, 1827-1838, 1841->1844, 1866->1877, 1868-1875, 1878->1881, 1901-1902, 1917->1920, 1950-1951, 1957->1961, 2002-2018, 2105->2110, 2128-2129, 2142-2143, 2178->2187, 2324->2326, 2344->2353, 2355->2359, 2389-2398, 2422, 2444-2445, 2456, 2545-2546, 2556->2600, 2568->2598, 2570->2598, 2591, 2609->2611, 2615-2617, 2689->2691, 2730, 2737, 2740-2743, 2749-2752, 2793-2795, 2799, 2856->2888, 2882->2888, 2917, 2922->2927, 2929->2927, 2947, 2951
graph_rlm/backend/src/core/circuit.py                             133     52     30      3    52%   86, 192-198, 203, 208, 219-254, 280-282, 306-316, 322-326, 329->exit, 336-349, 360, 380, 384-388
graph_rlm/backend/src/core/config.py                               81     35     20      0    46%   113-172
graph_rlm/backend/src/core/context_index.py                        86     86     26      0     0%   6-299
graph_rlm/backend/src/core/core.py                                 69     54     24      0    16%   20-36, 40-41, 53-55, 59-62, 66-76, 88-132
graph_rlm/backend/src/core/db.py                                  544    471    230      5    10%   55, 60, 62-67, 163-452, 469-492, 500-508, 515-523, 531-533, 554-570, 588-622, 653-752, 765-795, 810, 815, 824, 827, 836, 839, 845-850, 857-877, 884-890, 906-943, 951-959, 966-1016, 1037-1070, 1085-1095, 1125-1165, 1172-1183, 1191-1206, 1212-1216, 1224-1232, 1239-1245, 1258-1304, 1313-1326, 1350-1410, 1438-1443
graph_rlm/backend/src/core/dream.py                               808    739    288      0     6%   90-256, 268-296, 320-364, 392-842, 869-1244, 1257-1354, 1365-1380, 1386-1439, 1445-1511, 1514-1663, 1676-1691, 1702-1721, 1731-1762, 1769-1813, 1829-1871, 1878-1943, 1946-1960, 1970-2009, 2013-2023, 2026-2058, 2068, 2083-2097, 2108-2155
graph_rlm/backend/src/core/endpoints.py                           351    351     88      0     0%   6-864
graph_rlm/backend/src/core/exceptions/__init__.py                   5      0      0      0   100%
graph_rlm/backend/src/core/exceptions/base.py                      73     27      2      1    63%   31, 34, 37, 40, 43, 50, 54-56, 102-104, 114, 124, 129, 138, 145, 158-161, 171, 178, 204-206, 210-212, 234
graph_rlm/backend/src/core/exceptions/codes.py                     62      6      0      0    90%   88, 93-131, 136-143, 147
graph_rlm/backend/src/core/exceptions/handlers.py                  68     49      6      0    26%   31-32, 57-80, 103-121, 141-167, 185-187, 195-197, 205-214, 222-224
graph_rlm/backend/src/core/exceptions/types.py                     65     30     10      1    48%   31-34, 44, 59-62, 72, 76, 80, 95-98, 108, 112, 116, 131-134, 144, 148, 152, 156, 161, 177, 189, 193, 197, 201, 206
graph_rlm/backend/src/core/guardrails.py                           67     46     30      2    24%   31, 40-50, 67-73, 87-88, 102-122, 153-223, 241-244
graph_rlm/backend/src/core/llm.py                                 376    238    116     23    33%   75-88, 95-96, 118->122, 122->126, 134, 136, 155-167, 176, 178, 214, 216->218, 221, 238-321, 326-349, 353-372, 383-398, 402-429, 465-466, 472-475, 478, 482, 486, 499, 502-508, 511-515, 525-537, 551, 565-581, 597-600, 616, 629-631, 634, 637-653, 657-669, 675-688, 694-834
graph_rlm/backend/src/core/log_stream.py                           42     42      4      0     0%   6-94
graph_rlm/backend/src/core/logger.py                               32     17      8      3    50%   14-37, 59, 61, 64-71
graph_rlm/backend/src/core/logging.py                              44     29     14      0    26%   23, 28-29, 34, 47-105, 119
graph_rlm/backend/src/core/manager.py                              23     23      2      0     0%   6-63
graph_rlm/backend/src/core/mcp_runtime.py                         105     68     32      2    30%   44-45, 52-57, 61, 64-95, 98-102, 105-106, 136-139, 142-160, 163-166, 170-171, 174, 196, 200, 202-203
graph_rlm/backend/src/core/meta_agents.py                         239    141     42      4    36%   151-189, 193, 207, 226, 236, 242, 258->273, 263-271, 313-327, 335-369, 383-418, 431-485, 491-500, 504, 529-569, 597-690, 724-774
graph_rlm/backend/src/core/monitor.py                              41     41     12      0     0%   6-91
graph_rlm/backend/src/core/nal.py                                  76     47     12      0    33%   49-50, 59, 64-66, 76-80, 110-120, 140-142, 162-165, 185-188, 207, 222, 240-241, 262, 279, 301-303, 317, 331-337, 353
graph_rlm/backend/src/core/navigator.py                           169    131     52      3    19%   40-43, 47-54, 72-105, 110, 114-116, 122, 127->exit, 136-155, 167-200, 209-275, 297-353, 367-425, 433-436
graph_rlm/backend/src/core/navigator_config.py                      9      0      0      0   100%
graph_rlm/backend/src/core/omcd.py                                 77     47     12      0    34%   79-102, 110, 118, 126-128, 141-225, 234-237, 247-258, 267, 271
graph_rlm/backend/src/core/prompts.py                              54     41     10      0    20%   19-28, 56-318, 331, 405, 434-435, 472, 512
graph_rlm/backend/src/core/reflexion.py                           289    248    104      0    10%   44-60, 64-86, 116-295, 310, 325, 329, 334-339, 343, 347-349, 357-365, 369, 374, 378, 382, 387, 416-529, 533-578, 591-619, 633-711, 716-751, 757-765
graph_rlm/backend/src/core/repe.py                                105     40     38      8    54%   136-156, 163-171, 192-196, 198->187, 202, 213, 233, 251->259, 257-258, 261-292
graph_rlm/backend/src/core/rlm_interface.py                       490    426    164      0    10%   56, 61, 65, 70, 74, 78-106, 111-160, 164-169, 182-475, 483-596, 603-610, 614-621, 625-633, 637-643, 650-663, 673-678, 682-683, 687-692, 696-705, 709-715, 719-734, 738-751, 755-756, 760-761, 773-810, 814-815, 819-884, 892-925, 929-936, 946-958, 980-994, 1019-1088, 1097-1118
graph_rlm/backend/src/core/scratchpad_builder.py                  466    377    196     17    16%   69->162, 97, 99, 101, 103, 112-135, 151, 153, 156, 175-195, 211-215, 219-223, 234->238, 250-255, 266-272, 328-403, 407->440, 443-447, 453-684, 705-813, 821-842, 846-870, 876-915, 921-949, 956-984
graph_rlm/backend/src/core/semantic_summarizer.py                  45     35     18      0    16%   28-102, 107-111
graph_rlm/backend/src/core/services/__init__.py                     2      0      0      0   100%
graph_rlm/backend/src/core/services/circuit.py                     30     10      2      1    66%   68->71, 101-107, 131-141, 150
graph_rlm/backend/src/core/sfpcs.py                                20     20      2      0     0%   1-110
graph_rlm/backend/src/core/sheaf.py                               497    433    216      3     9%   57, 61, 65-66, 69, 72, 78, 81, 84, 102-106, 113-225, 234, 247-285, 299-374, 387-421, 427-433, 450-525, 545-880, 905-1003, 1007-1011, 1040-1045, 1057-1082, 1090-1294
graph_rlm/backend/src/core/slac.py                                 49     30      6      0    35%   28, 45-78, 114, 119-121, 125-132, 141-149
graph_rlm/backend/src/core/state.py                                76     31     20      1    48%   87-146
graph_rlm/backend/src/core/stealth.py                              36     36     12      0     0%   6-89
graph_rlm/backend/src/core/thimac_memory.py                       379    269    138      0    22%   117, 196, 204-208, 212-221, 248-385, 393-452, 456-463, 467, 471-475, 479-485, 489-497, 503-515, 519-557, 564-660, 664-666, 673-769, 782-857, 864-875, 883-915, 920-926
graph_rlm/backend/src/core/topology.py                            201    190    104      0     4%   29-79, 89-119, 141-162, 186-228, 253-296, 322-371, 386-438
graph_rlm/backend/src/core/trace.py                                45      7      8      2    83%   87, 89, 98-100, 105-107
graph_rlm/backend/src/mcp_integration/__init__.py                   2      0      0      0   100%
graph_rlm/backend/src/mcp_integration/circuit.py                   44     35      6      0    18%   51-83, 108-161, 170, 179
graph_rlm/backend/src/mcp_integration/client.py                    37     21      6      0    37%   33-34, 53-57, 67, 71, 75, 105-121, 128-130
graph_rlm/backend/src/mcp_integration/config.py                    37     28     16      0    17%   35-40, 56-81, 92, 103-144
graph_rlm/backend/src/mcp_integration/core/__init__.py              3      0      0      0   100%
graph_rlm/backend/src/mcp_integration/core/client.py              333    291    116      0     9%   35-38, 78-92, 96-97, 105-114, 120-121, 125-127, 131-132, 136-143, 151-183, 196-271, 282-329, 335-371, 376-396, 404-421, 431-474, 486-582, 587-630, 634-667
graph_rlm/backend/src/mcp_integration/core/config.py               66     27     20      0    45%   57-73, 114-116, 122-124, 147-149, 157, 172, 187, 203
graph_rlm/backend/src/mcp_integration/discovery.py                200    200     58      0     0%   13-608
graph_rlm/backend/src/mcp_integration/generator.py                145    145     50      0     0%   8-501
graph_rlm/backend/src/mcp_integration/kernel.py                   230    230     60      0     0%   6-482
graph_rlm/backend/src/mcp_integration/runtime.py                  240    150     74     16    34%   62, 65-70, 82, 87, 108-149, 155, 201-209, 212, 218-327, 344-345, 353, 357, 366-370, 372-386, 396, 399-403, 422-430, 442, 453-455, 465-553, 557
graph_rlm/backend/src/mcp_integration/skill_harness.py            278    237     80      1    12%   37-39, 58-93, 98-153, 158-160, 165-235, 242, 246-253, 260, 267-270, 281-292, 296, 304-489, 500, 505-547, 551
graph_rlm/backend/src/mcp_integration/skill_storage.py            583    489    222      6    13%   42-44, 72-125, 134-236, 241-301, 309-392, 410-520, 533-562, 568-591, 597-615, 631-643, 653, 664-668, 673-678, 682-688, 692-712, 739, 781-837, 844-946, 968-1092, 1100-1108, 1118-1130, 1137-1150, 1160, 1171-1175, 1185-1206, 1212-1250, 1317-1319, 1330-1331, 1336-1337
graph_rlm/backend/src/mcp_integration/utils/__init__.py             9      9      6      0     0%   5-24
graph_rlm/backend/src/mcp_integration/utils/schema_builder.py     119    119     42      0     0%   9-302
graph_rlm/backend/src/mcp_integration/utils/task_schema.py         95     95     26      0     0%   11-267
graph_rlm/backend/src/slac_framework.py                            17     17      0      0     0%   2-40
-----------------------------------------------------------------------------------------------------------
TOTAL                                                           10187   7506   3292    198    22%
Coverage failure: total of 22 is less than fail-under=85
